 -0.3870828934E-03   0.000000000    
 -0.3785670705E-03   0.000000000    
 -0.3700512476E-03   0.000000000    
 -0.3615354247E-03   0.000000000    
 -0.3530196018E-03   0.000000000    
 -0.3445037789E-03   0.000000000    
 -0.3359879560E-03   0.000000000    
 -0.3274721331E-03   0.000000000    
 -0.3189563102E-03   0.000000000    
 -0.3104404873E-03   0.000000000    
 -0.3019246644E-03   0.000000000    
 -0.2934088415E-03   0.000000000    
 -0.2848930187E-03   0.000000000    
 -0.2763771958E-03   0.000000000    
 -0.2678613729E-03   0.000000000    
 -0.2593455500E-03  0.9285466085E-05
 -0.2508297271E-03  0.2126396668E-04
 -0.2423139042E-03  0.3495997455E-04
 -0.2337980813E-03  0.3793902295E-04
 -0.2252822584E-03  0.3711492144E-04
 -0.2167664355E-03  0.3729542841E-04
 -0.2082506126E-03  0.4003391866E-04
 -0.1997347897E-03  0.4574674699E-04
 -0.1912189668E-03  0.4371515112E-04
 -0.1827031439E-03  0.4207415069E-04
 -0.1741873210E-03  0.3260208806E-04
 -0.1656714981E-03  0.3691460366E-04
 -0.1571556753E-03  0.4233073195E-04
 -0.1486398524E-03  0.4243762296E-04
 -0.1401240295E-03  0.3929847365E-04
 -0.1316082066E-03  0.3921919490E-04
 -0.1230923837E-03  0.4578034846E-04
 -0.1145765608E-03  0.4433950319E-04
 -0.1060607379E-03  0.3645092144E-04
 -0.9754491500E-04  0.3985250307E-04
 -0.8902909211E-04  0.3676068238E-04
 -0.8051326922E-04  0.3330928005E-04
 -0.7199744632E-04  0.4316879303E-04
 -0.6348162343E-04  0.4751826954E-04
 -0.5496580054E-04  0.6621092222E-04
 -0.4644997765E-04  0.4237328809E-04
 -0.3793415475E-04  0.3448314657E-04
 -0.2941833186E-04  0.1162928641E-04
 -0.2090250897E-04  0.1022175605E-04
 -0.1238668607E-04  0.7157473079E-05
 -0.3870863180E-05  0.3959810787E-05
  0.4644959713E-05  0.3714245423E-05
  0.1316078261E-04  0.4160786944E-05
  0.2167660550E-04  0.9434628288E-05
  0.3019242839E-04  0.2897411389E-04
  0.3870825128E-04  0.4781322638E-04
  0.4722407418E-04  0.4975957576E-04
  0.5573989707E-04  0.3615425293E-04
  0.6425571996E-04  0.2540047426E-04
  0.7277154286E-04  0.3514451851E-04
  0.8128736575E-04  0.5190804998E-04
  0.8980318864E-04  0.5054348123E-04
  0.9831901154E-04  0.5815834168E-04
  0.1068348344E-03  0.6366240531E-04
  0.1153506573E-03  0.8541454641E-04
  0.1238664802E-03  0.8095585572E-04
  0.1323823031E-03  0.7269124689E-04
  0.1408981260E-03  0.7113915108E-04
  0.1494139489E-03  0.8947524649E-04
  0.1579297718E-03  0.1051438486E-03
  0.1664455947E-03  0.1094584464E-03
  0.1749614176E-03  0.1168046899E-03
  0.1834772405E-03  0.1260344412E-03
  0.1919930634E-03  0.1299588608E-03
  0.2005088863E-03  0.1460466735E-03
  0.2090247091E-03  0.1527159196E-03
  0.2175405320E-03  0.1663827477E-03
  0.2260563549E-03  0.1742249189E-03
  0.2345721778E-03  0.1976130193E-03
  0.2430880007E-03  0.2233578679E-03
  0.2516038236E-03  0.2440054010E-03
  0.2601196465E-03  0.2676280269E-03
  0.2686354694E-03  0.2925301059E-03
  0.2771512923E-03  0.3035844449E-03
  0.2856671152E-03  0.3130748931E-03
  0.2941829381E-03  0.3458329047E-03
  0.3026987610E-03  0.3731796074E-03
  0.3112145839E-03  0.4042166195E-03
  0.3197304068E-03  0.4218692204E-03
  0.3282462296E-03  0.4586647326E-03
  0.3367620525E-03  0.5417414507E-03
  0.3452778754E-03  0.6037452099E-03
  0.3537936983E-03  0.6472323733E-03
  0.3623095212E-03  0.6781854067E-03
  0.3708253441E-03  0.7296601380E-03
  0.3793411670E-03  0.7800011512E-03
  0.3878569899E-03  0.8345553816E-03
  0.3963728128E-03  0.9179537293E-03
  0.4048886357E-03  0.1013208721E-02
  0.4134044586E-03  0.1084112203E-02
  0.4219202815E-03  0.1164961282E-02
  0.4304361044E-03  0.1284052081E-02
  0.4389519273E-03  0.1383270068E-02
  0.4474677502E-03  0.1462073207E-02
  0.4559835730E-03  0.1528691695E-02
  0.4644993959E-03  0.1603630508E-02
  0.4730152188E-03  0.1777485379E-02
  0.4815310417E-03  0.1989093141E-02
  0.4900468646E-03  0.2170460045E-02
  0.4985626875E-03  0.2220265489E-02
  0.5070785104E-03  0.2384222846E-02
  0.5155943333E-03  0.2603548970E-02
  0.5241101562E-03  0.2870988631E-02
  0.5326259791E-03  0.2879623099E-02
  0.5411418020E-03  0.3039080415E-02
  0.5496576249E-03  0.3281625062E-02
  0.5581734478E-03  0.3746582008E-02
  0.5666892707E-03  0.4018655840E-02
  0.5752050935E-03  0.4069232594E-02
  0.5837209164E-03  0.4249902186E-02
  0.5922367393E-03  0.4516999124E-02
  0.6007525622E-03  0.4962008861E-02
  0.6092683851E-03  0.5229125260E-02
  0.6177842080E-03  0.5421319684E-02
  0.6263000309E-03  0.5880075780E-02
  0.6348158538E-03  0.6299046188E-02
  0.6433316767E-03  0.6831632351E-02
  0.6518474996E-03  0.6910877479E-02
  0.6603633225E-03  0.7166716657E-02
  0.6688791454E-03  0.7738482881E-02
  0.6773949683E-03  0.8412408587E-02
  0.6859107912E-03  0.9014280348E-02
  0.6944266141E-03  0.9172913255E-02
  0.7029424369E-03  0.9695816007E-02
  0.7114582598E-03  0.1028327363E-01
  0.7199740827E-03  0.1075435230E-01
  0.7284899056E-03  0.1124022513E-01
  0.7370057285E-03  0.1182229792E-01
  0.7455215514E-03  0.1259124515E-01
  0.7540373743E-03  0.1321390564E-01
  0.7625531972E-03  0.1390560137E-01
  0.7710690201E-03  0.1458026100E-01
  0.7795848430E-03  0.1491550399E-01
  0.7881006659E-03  0.1587705986E-01
  0.7966164888E-03  0.1656771816E-01
  0.8051323117E-03  0.1791246418E-01
  0.8136481346E-03  0.1817758921E-01
  0.8221639574E-03  0.1915718922E-01
  0.8306797803E-03  0.1987948675E-01
  0.8391956032E-03  0.2131553260E-01
  0.8477114261E-03  0.2204237507E-01
  0.8562272490E-03  0.2294211570E-01
  0.8647430719E-03  0.2374482847E-01
  0.8732588948E-03  0.2563529023E-01
  0.8817747177E-03  0.2642646966E-01
  0.8902905406E-03  0.2713053217E-01
  0.8988063635E-03  0.2759118253E-01
  0.9073221864E-03  0.2907747974E-01
  0.9158380093E-03  0.2972294788E-01
  0.9243538322E-03  0.2990021202E-01
  0.9328696551E-03  0.3089201941E-01
  0.9413854779E-03  0.3233749531E-01
  0.9499013008E-03  0.3350875909E-01
  0.9584171237E-03  0.3347087208E-01
  0.9669329466E-03  0.3492546701E-01
  0.9754487695E-03  0.3648436563E-01
  0.9839645924E-03  0.3801272302E-01
  0.9924804153E-03  0.3769124586E-01
  0.1000996238E-02  0.3944629781E-01
  0.1009512061E-02  0.4121898143E-01
  0.1018027884E-02  0.4288741113E-01
  0.1026543707E-02  0.4275275099E-01
  0.1035059530E-02  0.4466774620E-01
  0.1043575353E-02  0.4635823065E-01
  0.1052091176E-02  0.4738019746E-01
  0.1060606998E-02  0.4824492080E-01
  0.1069122821E-02  0.5115700569E-01
  0.1077638644E-02  0.5362737555E-01
  0.1086154467E-02  0.5608884533E-01
  0.1094670290E-02  0.5844187391E-01
  0.1103186113E-02  0.6132717926E-01
  0.1111701936E-02  0.6236118727E-01
  0.1120217759E-02  0.6352241811E-01
  0.1128733582E-02  0.6614760676E-01
  0.1137249404E-02  0.6795729286E-01
  0.1145765227E-02  0.6683864325E-01
  0.1154281050E-02  0.6615672339E-01
  0.1162796873E-02  0.6639212223E-01
  0.1171312696E-02  0.6730655173E-01
  0.1179828519E-02  0.6788790744E-01
  0.1188344342E-02  0.6826713723E-01
  0.1196860165E-02  0.6835006012E-01
  0.1205375988E-02  0.6858231815E-01
  0.1213891811E-02  0.6933365915E-01
  0.1222407633E-02  0.7024098799E-01
  0.1230923456E-02  0.7153066951E-01
  0.1239439279E-02  0.7541074847E-01
  0.1247955102E-02  0.7903445071E-01
  0.1256470925E-02  0.8391093399E-01
  0.1264986748E-02  0.8828817208E-01
  0.1273502571E-02  0.9517372705E-01
  0.1282018394E-02  0.1037362896    
  0.1290534217E-02  0.1154023308    
  0.1299050039E-02  0.1316799798    
  0.1307565862E-02  0.1525455656    
  0.1316081685E-02  0.1728544807    
  0.1324597508E-02  0.1721139501    
  0.1333113331E-02  0.1560162578    
  0.1341629154E-02  0.1364399428    
  0.1350144977E-02  0.1310108839    
  0.1358660800E-02  0.1303800827    
  0.1367176623E-02  0.1286077010    
  0.1375692445E-02  0.1330842076    
  0.1384208268E-02  0.1542946816    
  0.1392724091E-02  0.2044801863    
  0.1401239914E-02  0.2783848375    
  0.1409755737E-02  0.3409359625    
  0.1418271560E-02  0.3487598574    
  0.1426787383E-02  0.2862614274    
  0.1435303206E-02  0.2139858114    
  0.1443819029E-02  0.1671050995    
  0.1452334852E-02  0.1684172780    
  0.1460850674E-02  0.1756516822    
  0.1469366497E-02  0.1919581860    
  0.1477882320E-02  0.2181614392    
  0.1486398143E-02  0.2527359288    
  0.1494913966E-02  0.2788798513    
  0.1503429789E-02  0.2823533708    
  0.1511945612E-02  0.2762530908    
  0.1520461435E-02  0.2643032028    
  0.1528977258E-02  0.2585920582    
  0.1537493080E-02  0.2356193576    
  0.1546008903E-02  0.2108442322    
  0.1554524726E-02  0.1751479759    
  0.1563040549E-02  0.1580357486    
  0.1571556372E-02  0.1396238187    
  0.1580072195E-02  0.1326221418    
  0.1588588018E-02  0.1183948326    
  0.1597103841E-02  0.1130659294    
  0.1605619664E-02  0.1095998971    
  0.1614135487E-02  0.1229649629    
  0.1622651309E-02  0.1406945963    
  0.1631167132E-02  0.1563090538    
  0.1639682955E-02  0.1643724950    
  0.1648198778E-02  0.1708341022    
  0.1656714601E-02  0.1793803617    
  0.1665230424E-02  0.1860226135    
  0.1673746247E-02  0.1901626095    
  0.1682262070E-02  0.1957180506    
  0.1690777893E-02  0.2067676642    
  0.1699293715E-02  0.2165923021    
  0.1707809538E-02  0.2210479527    
  0.1716325361E-02  0.2216654080    
  0.1724841184E-02  0.2211173614    
  0.1733357007E-02  0.2233693742    
  0.1741872830E-02  0.2302514243    
  0.1750388653E-02  0.2412091263    
  0.1758904476E-02  0.2509122989    
  0.1767420299E-02  0.2587762461    
  0.1775936121E-02  0.2729433882    
  0.1784451944E-02  0.3044428189    
  0.1792967767E-02  0.3360622734    
  0.1801483590E-02  0.3605027030    
  0.1809999413E-02  0.3470256162    
  0.1818515236E-02  0.3221323563    
  0.1827031059E-02  0.2970480501    
  0.1835546882E-02  0.2913494959    
  0.1844062705E-02  0.3023405801    
  0.1852578528E-02  0.3118422008    
  0.1861094350E-02  0.3227241673    
  0.1869610173E-02  0.3198752321    
  0.1878125996E-02  0.3164991615    
  0.1886641819E-02  0.3164169541    
  0.1895157642E-02  0.3227842776    
  0.1903673465E-02  0.3255045253    
  0.1912189288E-02  0.3219235393    
  0.1920705111E-02  0.3180594032    
  0.1929220934E-02  0.3196080064    
  0.1937736756E-02  0.3189155450    
  0.1946252579E-02  0.3129121050    
  0.1954768402E-02  0.3066326076    
  0.1963284225E-02  0.3080327715    
  0.1971800048E-02  0.3063464979    
  0.1980315871E-02  0.3000942248    
  0.1988831694E-02  0.2931609434    
  0.1997347517E-02  0.2865369998    
  0.2005863340E-02  0.2798329137    
  0.2014379162E-02  0.2774260755    
  0.2022894985E-02  0.2688251843    
  0.2031410808E-02  0.2708530405    
  0.2039926631E-02  0.2578443616    
  0.2048442454E-02  0.2586618257    
  0.2056958277E-02  0.2532156472    
  0.2065474100E-02  0.2477795621    
  0.2073989923E-02  0.2435969297    
  0.2082505746E-02  0.2374958437    
  0.2091021569E-02  0.2424324387    
  0.2099537391E-02  0.2351888325    
  0.2108053214E-02  0.2276134614    
  0.2116569037E-02  0.2112542380    
  0.2125084860E-02  0.2076653905    
  0.2133600683E-02  0.1971062380    
  0.2142116506E-02  0.1959564968    
  0.2150632329E-02  0.1823642201    
  0.2159148152E-02  0.1730895968    
  0.2167663975E-02  0.1593251068    
  0.2176179797E-02  0.1490470281    
  0.2184695620E-02  0.1424185642    
  0.2193211443E-02  0.1341749613    
  0.2201727266E-02  0.1289294551    
  0.2210243089E-02  0.1284159644    
  0.2218758912E-02  0.1271402371    
  0.2227274735E-02  0.1315632800    
  0.2235790558E-02  0.1294524547    
  0.2244306381E-02  0.1325070452    
  0.2252822203E-02  0.1343762908    
  0.2261338026E-02  0.1381334192    
  0.2269853849E-02  0.1459209365    
  0.2278369672E-02  0.1548559111    
  0.2286885495E-02  0.1703612017    
  0.2295401318E-02  0.1889128743    
  0.2303917141E-02  0.2060183289    
  0.2312432964E-02  0.2236250427    
  0.2320948787E-02  0.2588276622    
  0.2329464610E-02  0.3135874112    
  0.2337980432E-02  0.3676100192    
  0.2346496255E-02  0.3993322113    
  0.2355012078E-02  0.3959386483    
  0.2363527901E-02  0.3869764964    
  0.2372043724E-02  0.3805098966    
  0.2380559547E-02  0.3970319785    
  0.2389075370E-02  0.3863643300    
  0.2397591193E-02  0.3648554032    
  0.2406107016E-02  0.3249261009    
  0.2414622838E-02  0.3107991468    
  0.2423138661E-02  0.2931665530    
  0.2431654484E-02  0.2946639119    
  0.2440170307E-02  0.3116384939    
  0.2448686130E-02  0.3267001644    
  0.2457201953E-02  0.3552210968    
  0.2465717776E-02  0.3550014806    
  0.2474233599E-02  0.3771001954    
  0.2482749422E-02  0.3774364092    
  0.2491265244E-02  0.3840251447    
  0.2499781067E-02  0.3920443014    
  0.2508296890E-02  0.3871493862    
  0.2516812713E-02  0.3969108932    
  0.2525328536E-02  0.4013240962    
  0.2533844359E-02  0.4227918775    
  0.2542360182E-02  0.4333973092    
  0.2550876005E-02  0.4383283681    
  0.2559391828E-02  0.4416782429    
  0.2567907651E-02  0.4405639215    
  0.2576423473E-02  0.4472614550    
  0.2584939296E-02  0.4445130379    
  0.2593455119E-02  0.4639818817    
  0.2601970942E-02  0.4829262939    
  0.2610486765E-02  0.5038409744    
  0.2619002588E-02  0.5296902885    
  0.2627518411E-02  0.5527127069    
  0.2636034234E-02  0.5764264727    
  0.2644550057E-02  0.5846414045    
  0.2653065879E-02  0.5888602520    
  0.2661581702E-02  0.5963027491    
  0.2670097525E-02  0.6144885540    
  0.2678613348E-02  0.6274275020    
  0.2687129171E-02  0.6367956261    
  0.2695644994E-02  0.6384686209    
  0.2704160817E-02  0.6644331634    
  0.2712676640E-02  0.6749804293    
  0.2721192463E-02  0.6885988138    
  0.2729708285E-02  0.6923001683    
  0.2738224108E-02  0.7038030517    
  0.2746739931E-02  0.7256743820    
  0.2755255754E-02  0.7228726682    
  0.2763771577E-02  0.7434925455    
  0.2772287400E-02  0.7575594663    
  0.2780803223E-02  0.7609726024    
  0.2789319046E-02  0.7753751621    
  0.2797834869E-02  0.7832900076    
  0.2806350692E-02  0.8043724376    
  0.2814866514E-02  0.8073706528    
  0.2823382337E-02  0.8094642698    
  0.2831898160E-02  0.8349863595    
  0.2840413983E-02  0.8473351411    
  0.2848929806E-02  0.8782200895    
  0.2857445629E-02  0.8926814983    
  0.2865961452E-02  0.9074557820    
  0.2874477275E-02  0.9066315560    
  0.2882993098E-02  0.9176869272    
  0.2891508920E-02  0.9294644195    
  0.2900024743E-02  0.9395267425    
  0.2908540566E-02  0.9432999845    
  0.2917056389E-02  0.9605225802    
  0.2925572212E-02  0.9841721576    
  0.2934088035E-02   1.019802362    
  0.2942603858E-02   1.066323265    
  0.2951119681E-02   1.119876945    
  0.2959635504E-02   1.213778671    
  0.2968151326E-02   1.324497470    
  0.2976667149E-02   1.397863203    
  0.2985182972E-02   1.404990085    
  0.2993698795E-02   1.300204957    
  0.3002214618E-02   1.192166504    
  0.3010730441E-02   1.077209105    
  0.3019246264E-02  0.9940508298    
  0.3027762087E-02  0.8884931769    
  0.3036277910E-02  0.7690221814    
  0.3044793733E-02  0.6726232263    
  0.3053309555E-02  0.6016772557    
  0.3061825378E-02  0.5516392988    
  0.3070341201E-02  0.5201909841    
  0.3078857024E-02  0.4956499669    
  0.3087372847E-02  0.4905071571    
  0.3095888670E-02  0.4861987913    
  0.3104404493E-02  0.4943106643    
  0.3112920316E-02  0.5016903866    
  0.3121436139E-02  0.5238198791    
  0.3129951961E-02  0.5448885895    
  0.3138467784E-02  0.5477029162    
  0.3146983607E-02  0.5198854484    
  0.3155499430E-02  0.4866469471    
  0.3164015253E-02  0.4579157408    
  0.3172531076E-02  0.4364791992    
  0.3181046899E-02  0.4193587335    
  0.3189562722E-02  0.4021437340    
  0.3198078545E-02  0.3886312091    
  0.3206594368E-02  0.3671907442    
  0.3215110190E-02  0.3508011931    
  0.3223626013E-02  0.3366078903    
  0.3232141836E-02  0.3292113330    
  0.3240657659E-02  0.3194072698    
  0.3249173482E-02  0.3156012044    
  0.3257689305E-02  0.3092245497    
  0.3266205128E-02  0.3088409411    
  0.3274720951E-02  0.2998143582    
  0.3283236774E-02  0.2963922647    
  0.3291752596E-02  0.2856516531    
  0.3300268419E-02  0.2766276362    
  0.3308784242E-02  0.2624449771    
  0.3317300065E-02  0.2506619781    
  0.3325815888E-02  0.2392323806    
  0.3334331711E-02  0.2335521887    
  0.3342847534E-02  0.2248600604    
  0.3351363357E-02  0.2166615265    
  0.3359879180E-02  0.2031390009    
  0.3368395002E-02  0.1932051637    
  0.3376910825E-02  0.1855695933    
  0.3385426648E-02  0.1788149295    
  0.3393942471E-02  0.1724642756    
  0.3402458294E-02  0.1656740259    
  0.3410974117E-02  0.1610655043    
  0.3419489940E-02  0.1523605302    
  0.3428005763E-02  0.1446331764    
  0.3436521586E-02  0.1314604694    
  0.3445037409E-02  0.1230870322    
  0.3453553231E-02  0.1149522803    
  0.3462069054E-02  0.1124619886    
  0.3470584877E-02  0.1089146554    
  0.3479100700E-02  0.1057206218    
  0.3487616523E-02  0.1006082534    
  0.3496132346E-02  0.9581145711E-01
  0.3504648169E-02  0.8689982202E-01
  0.3513163992E-02  0.7324239065E-01
  0.3521679815E-02  0.5606891768E-01
  0.3530195637E-02  0.4115827124E-01
  0.3538711460E-02  0.2803166148E-01
  0.3547227283E-02  0.1534203724E-01
  0.3555743106E-02  0.5557455435E-02
  0.3564258929E-02  0.4528437425E-03
  0.3572774752E-02   0.000000000    
  0.3581290575E-02   0.000000000    
  0.3589806398E-02   0.000000000    
  0.3598322221E-02   0.000000000    
  0.3606838043E-02   0.000000000    
  0.3615353866E-02   0.000000000    
  0.3623869689E-02   0.000000000    
  0.3632385512E-02   0.000000000    
  0.3640901335E-02   0.000000000    
  0.3649417158E-02   0.000000000    
  0.3657932981E-02   0.000000000    
  0.3666448804E-02   0.000000000    
  0.3674964627E-02   0.000000000    
  0.3683480450E-02   0.000000000    
  0.3691996272E-02   0.000000000    
  0.3700512095E-02   0.000000000    
  0.3709027918E-02   0.000000000    
  0.3717543741E-02   0.000000000    
  0.3726059564E-02   0.000000000    
  0.3734575387E-02   0.000000000    
  0.3743091210E-02   0.000000000    
  0.3751607033E-02   0.000000000    
  0.3760122856E-02   0.000000000    
  0.3768638678E-02   0.000000000    
  0.3777154501E-02   0.000000000    
  0.3785670324E-02   0.000000000    
  0.3794186147E-02   0.000000000    
  0.3802701970E-02   0.000000000    
  0.3811217793E-02   0.000000000    
  0.3819733616E-02   0.000000000    
  0.3828249439E-02   0.000000000    
  0.3836765262E-02   0.000000000    
  0.3845281084E-02   0.000000000    
  0.3853796907E-02   0.000000000    
  0.3862312730E-02   0.000000000    
