 -0.3870828934E-03   0.000000000    
 -0.3785670705E-03   0.000000000    
 -0.3700512476E-03   0.000000000    
 -0.3615354247E-03   0.000000000    
 -0.3530196018E-03   0.000000000    
 -0.3445037789E-03   0.000000000    
 -0.3359879560E-03   0.000000000    
 -0.3274721331E-03   0.000000000    
 -0.3189563102E-03   0.000000000    
 -0.3104404873E-03   0.000000000    
 -0.3019246644E-03   0.000000000    
 -0.2934088415E-03   0.000000000    
 -0.2848930187E-03   0.000000000    
 -0.2763771958E-03   0.000000000    
 -0.2678613729E-03   0.000000000    
 -0.2593455500E-03   2.661711845    
 -0.2508297271E-03   6.341137043    
 -0.2423139042E-03   9.863990956    
 -0.2337980813E-03   10.41199045    
 -0.2252822584E-03   10.02056224    
 -0.2167664355E-03   10.56856174    
 -0.2082506126E-03   11.11656124    
 -0.1997347897E-03   11.66456073    
 -0.1912189668E-03   11.82113202    
 -0.1827031439E-03   11.50798945    
 -0.1741873210E-03   10.33370481    
 -0.1656714981E-03   10.09884788    
 -0.1571556753E-03   11.74284638    
 -0.1486398524E-03   11.82113202    
 -0.1401240295E-03   11.19484688    
 -0.1316082066E-03   11.03827559    
 -0.1230923837E-03   13.38684487    
 -0.1145765608E-03   13.38684487    
 -0.1060607379E-03   12.05598895    
 -0.9754491500E-04   10.72513302    
 -0.8902909211E-04   10.09884788    
 -0.8051326922E-04   9.237705816    
 -0.7199744632E-04   9.081134531    
 -0.6348162343E-04   9.081134531    
 -0.5496580054E-04   7.828564251    
 -0.4644997765E-04   5.675709082    
 -0.3793415475E-04   4.423138802    
 -0.2941833186E-04   4.344853159    
 -0.2090250897E-04   3.522853913    
 -0.1238668607E-04   2.622569024    
 -0.3870863180E-05   1.213427459    
  0.4644959713E-05   1.604855671    
  0.1316078261E-04   2.113712348    
  0.2167660550E-04   4.266567517    
  0.3019242839E-04   6.184565758    
  0.3870825128E-04   7.397993217    
  0.4722407418E-04   8.885420425    
  0.5573989707E-04   10.02056224    
  0.6425571996E-04   12.21256023    
  0.7277154286E-04   13.38684487    
  0.8128736575E-04   14.95255772    
  0.8980318864E-04   15.50055722    
  0.9831901154E-04   18.82769702    
  0.1068348344E-03   20.62826680    
  0.1153506573E-03   24.22940636    
  0.1238664802E-03   25.83426203    
  0.1323823031E-03   28.69168798    
  0.1408981260E-03   29.00483055    
  0.1494139489E-03   31.39254265    
  0.1579297718E-03   34.36739706    
  0.1664455947E-03   38.75139304    
  0.1749614176E-03   38.98624997    
  0.1834772405E-03   42.03939003    
  0.1919930634E-03   44.77938751    
  0.2005088863E-03   49.63309735    
  0.2090247091E-03   50.10281121    
  0.2175405320E-03   52.17738073    
  0.2260563549E-03   55.19137797    
  0.2345721778E-03   57.85308981    
  0.2430880007E-03   61.57165783    
  0.2516038236E-03   65.56422560    
  0.2601196465E-03   72.49250496    
  0.2686354694E-03   74.56707449    
  0.2771512923E-03   77.11135787    
  0.2856671152E-03   77.18964351    
  0.2941829381E-03   82.94363824    
  0.3026987610E-03   84.47020827    
  0.3112145839E-03   86.34906369    
  0.3197304068E-03   91.59420173    
  0.3282462296E-03   95.89991207    
  0.3367620525E-03   104.0024761    
  0.3452778754E-03   106.1553312    
  0.3537936983E-03   110.5001844    
  0.3623095212E-03   113.9838955    
  0.3708253441E-03   119.3464620    
  0.3793411670E-03   122.9476016    
  0.3878569899E-03   126.6270268    
  0.3963728128E-03   131.4415938    
  0.4048886357E-03   137.1564457    
  0.4134044586E-03   141.5404417    
  0.4219202815E-03   144.9458671    
  0.4304361044E-03   154.7315724    
  0.4389519273E-03   159.7418535    
  0.4474677502E-03   165.6132767    
  0.4559835730E-03   166.1612762    
  0.4644993959E-03   169.0578450    
  0.4730152188E-03   177.7084085    
  0.4815310417E-03   185.3412586    
  0.4900468646E-03   194.5398216    
  0.4985626875E-03   198.8455320    
  0.5070785104E-03   206.4392393    
  0.5155943333E-03   214.1112323    
  0.5241101562E-03   219.6695129    
  0.5326259791E-03   221.7832252    
  0.5411418020E-03   231.1775023    
  0.5496576249E-03   238.2232102    
  0.5581734478E-03   250.7880558    
  0.5666892707E-03   258.6557628    
  0.5752050935E-03   263.3920442    
  0.5837209164E-03   273.8431775    
  0.5922367393E-03   276.8963176    
  0.6007525622E-03   285.5468810    
  0.6092683851E-03   291.2617330    
  0.6177842080E-03   305.0008632    
  0.6263000309E-03   320.7362774    
  0.6348158538E-03   328.3691275    
  0.6433316767E-03   337.0979766    
  0.6518474996E-03   340.5816877    
  0.6603633225E-03   351.0328210    
  0.6688791454E-03   361.4839543    
  0.6773949683E-03   381.9556498    
  0.6859107912E-03   395.8904942    
  0.6944266141E-03   406.7330556    
  0.7029424369E-03   412.9176214    
  0.7114582598E-03   426.7741801    
  0.7199740827E-03   436.4424570    
  0.7284899056E-03   452.7650134    
  0.7370057285E-03   467.4827142    
  0.7455215514E-03   491.6729778    
  0.7540373743E-03   506.1166788    
  0.7625531972E-03   525.8446607    
  0.7710690201E-03   534.2995101    
  0.7795848430E-03   557.7069172    
  0.7881006659E-03   576.3389001    
  0.7966164888E-03   603.7780178    
  0.8051323117E-03   629.4557086    
  0.8136481346E-03   649.3402618    
  0.8221639574E-03   675.2919523    
  0.8306797803E-03   696.7813611    
  0.8391956032E-03   728.8784746    
  0.8477114261E-03   756.7481633    
  0.8562272490E-03   787.5144208    
  0.8647430719E-03   817.4586791    
  0.8732588948E-03   843.1363698    
  0.8817747177E-03   868.7357749    
  0.8902905406E-03   900.0891747    
  0.8988063635E-03   917.5468730    
  0.9073221864E-03   929.3288622    
  0.9158380093E-03   931.9905741    
  0.9243538322E-03   948.0782736    
  0.9328696551E-03   971.2508238    
  0.9413854779E-03   984.4028117    
  0.9499013008E-03   1010.471931    
  0.9584171237E-03   1028.790771    
  0.9669329466E-03   1059.791885    
  0.9754487695E-03   1083.708149    
  0.9839645924E-03   1107.154699    
  0.9924804153E-03   1132.284390    
  0.1000996238E-02   1165.360074    
  0.1009512061E-02   1197.418045    
  0.1018027884E-02   1237.226294    
  0.1026543707E-02   1268.149123    
  0.1035059530E-02   1307.135373    
  0.1043575353E-02   1351.014476    
  0.1052091176E-02   1386.360443    
  0.1060606998E-02   1428.243262    
  0.1069122821E-02   1488.053493    
  0.1077638644E-02   1542.540300    
  0.1086154467E-02   1609.474524    
  0.1094670290E-02   1660.790763    
  0.1103186113E-02   1735.357837    
  0.1111701936E-02   1807.967771    
  0.1120217759E-02   1894.355977    
  0.1128733582E-02   1981.213898    
  0.1137249404E-02   2089.404656    
  0.1145765227E-02   2176.536576    
  0.1154281050E-02   2303.124460    
  0.1162796873E-02   2426.737489    
  0.1171312696E-02   2588.397341    
  0.1179828519E-02   2745.281769    
  0.1188344342E-02   2975.519843    
  0.1196860165E-02   3292.380981    
  0.1205375988E-02   3683.652623    
  0.1213891811E-02   4037.112298    
  0.1222407633E-02   4354.678007    
  0.1230923456E-02   4664.062867    
  0.1239439279E-02   5023.511394    
  0.1247955102E-02   5405.701901    
  0.1256470925E-02   5863.946909    
  0.1264986748E-02   6413.864405    
  0.1273502571E-02   7157.382295    
  0.1282018394E-02   8194.784486    
  0.1290534217E-02   9479.647594    
  0.1299050039E-02   10786.74382    
  0.1307565862E-02   11783.16348    
  0.1316081685E-02   12101.47290    
  0.1324597508E-02   11837.72857    
  0.1333113331E-02   11906.85480    
  0.1341629154E-02   11896.44281    
  0.1350144977E-02   10494.38609    
  0.1358660800E-02   7868.959642    
  0.1367176623E-02   5231.085775    
  0.1375692445E-02   4199.829006    
  0.1384208268E-02   4046.780575    
  0.1392724091E-02   4459.776482    
  0.1401239914E-02   5149.668707    
  0.1409755737E-02   5748.201587    
  0.1418271560E-02   5967.244815    
  0.1426787383E-02   5608.187715    
  0.1435303206E-02   5083.165054    
  0.1443819029E-02   4638.659176    
  0.1452334852E-02   4519.234428    
  0.1460850674E-02   4500.759016    
  0.1469366497E-02   4745.205935    
  0.1477882320E-02   5572.920033    
  0.1486398143E-02   6789.400632    
  0.1494913966E-02   7889.470481    
  0.1503429789E-02   8318.749801    
  0.1511945612E-02   7936.207009    
  0.1520461435E-02   7177.540848    
  0.1528977258E-02   6315.889923    
  0.1537493080E-02   5528.140646    
  0.1546008903E-02   4748.219932    
  0.1554524726E-02   3961.684082    
  0.1563040549E-02   3395.718029    
  0.1571556372E-02   2933.128168    
  0.1580072195E-02   2574.423354    
  0.1588588018E-02   2201.548839    
  0.1597103841E-02   1836.737745    
  0.1605619664E-02   1445.074675    
  0.1614135487E-02   1325.884784    
  0.1622651309E-02   1433.018686    
  0.1631167132E-02   1698.093872    
  0.1639682955E-02   1857.209440    
  0.1648198778E-02   1999.102167    
  0.1656714601E-02   2151.172028    
  0.1665230424E-02   2345.790135    
  0.1673746247E-02   2570.156786    
  0.1682262070E-02   2860.635663    
  0.1690777893E-02   3313.870390    
  0.1699293715E-02   3949.001808    
  0.1707809538E-02   4469.209902    
  0.1716325361E-02   4442.553641    
  0.1724841184E-02   3972.291786    
  0.1733357007E-02   3444.724842    
  0.1741872830E-02   3278.798422    
  0.1750388653E-02   3267.486147    
  0.1758904476E-02   3320.328956    
  0.1767420299E-02   3296.256121    
  0.1775936121E-02   3347.180931    
  0.1784451944E-02   3465.901108    
  0.1792967767E-02   3596.168417    
  0.1801483590E-02   3625.956104    
  0.1809999413E-02   3409.457160    
  0.1818515236E-02   3163.718528    
  0.1827031059E-02   2916.609897    
  0.1835546882E-02   2814.681991    
  0.1844062705E-02   2772.212030    
  0.1852578528E-02   2764.187751    
  0.1861094350E-02   2765.831750    
  0.1869610173E-02   2738.157775    
  0.1878125996E-02   2699.602096    
  0.1886641819E-02   2696.431528    
  0.1895157642E-02   2714.789511    
  0.1903673465E-02   2734.400064    
  0.1912189288E-02   2718.703793    
  0.1920705111E-02   2710.053230    
  0.1929220934E-02   2724.849216    
  0.1937736756E-02   2734.830635    
  0.1946252579E-02   2727.236928    
  0.1954768402E-02   2718.116651    
  0.1963284225E-02   2743.402913    
  0.1971800048E-02   2747.082338    
  0.1980315871E-02   2747.082338    
  0.1988831694E-02   2738.940632    
  0.1997347517E-02   2744.655484    
  0.2005863340E-02   2714.711225    
  0.2014379162E-02   2719.643221    
  0.2022894985E-02   2720.034649    
  0.2031410808E-02   2774.169171    
  0.2039926631E-02   2737.727204    
  0.2048442454E-02   2773.816885    
  0.2056958277E-02   2812.920564    
  0.2065474100E-02   2880.715930    
  0.2073989923E-02   2925.417032    
  0.2082505746E-02   3023.508942    
  0.2091021569E-02   3215.113052    
  0.2099537391E-02   3276.567282    
  0.2108053214E-02   3190.961931    
  0.2116569037E-02   2976.615842    
  0.2125084860E-02   2831.317690    
  0.2133600683E-02   2653.178710    
  0.2142116506E-02   2494.650284    
  0.2150632329E-02   2290.872757    
  0.2159148152E-02   2146.279175    
  0.2167663975E-02   1979.021900    
  0.2176179797E-02   1813.408623    
  0.2184695620E-02   1665.566187    
  0.2193211443E-02   1572.954272    
  0.2201727266E-02   1514.396611    
  0.2210243089E-02   1489.423492    
  0.2218758912E-02   1422.724124    
  0.2227274735E-02   1408.162995    
  0.2235790558E-02   1419.670984    
  0.2244306381E-02   1431.531259    
  0.2252822203E-02   1430.904974    
  0.2261338026E-02   1432.862115    
  0.2269853849E-02   1492.085203    
  0.2278369672E-02   1587.084831    
  0.2286885495E-02   1677.035034    
  0.2295401318E-02   1779.589225    
  0.2303917141E-02   1916.393386    
  0.2312432964E-02   2054.215259    
  0.2320948787E-02   2242.570515    
  0.2329464610E-02   2515.278551    
  0.2337980432E-02   2787.477730    
  0.2346496255E-02   3019.046660    
  0.2355012078E-02   3021.121230    
  0.2363527901E-02   2971.488133    
  0.2372043724E-02   2886.900496    
  0.2380559547E-02   3028.871509    
  0.2389075370E-02   2965.225281    
  0.2397591193E-02   2865.254516    
  0.2406107016E-02   2591.567910    
  0.2414622838E-02   2524.124829    
  0.2423138661E-02   2456.681748    
  0.2431654484E-02   2443.647188    
  0.2440170307E-02   2373.150967    
  0.2448686130E-02   2304.611887    
  0.2457201953E-02   2314.162735    
  0.2465717776E-02   2285.471047    
  0.2474233599E-02   2331.346434    
  0.2482749422E-02   2181.977428    
  0.2491265244E-02   2230.436241    
  0.2499781067E-02   2163.736873    
  0.2508296890E-02   2136.102041    
  0.2516812713E-02   2046.464981    
  0.2525328536E-02   2096.763506    
  0.2533844359E-02   2136.571755    
  0.2542360182E-02   2209.690545    
  0.2550876005E-02   2225.347674    
  0.2559391828E-02   2211.960829    
  0.2567907651E-02   2162.562589    
  0.2576423473E-02   2132.109474    
  0.2584939296E-02   2161.936303    
  0.2593455119E-02   2184.247712    
  0.2601970942E-02   2166.907442    
  0.2610486765E-02   2141.660322    
  0.2619002588E-02   2170.939152    
  0.2627518411E-02   2226.991672    
  0.2636034234E-02   2265.625637    
  0.2644550057E-02   2252.434506    
  0.2653065879E-02   2171.643723    
  0.2661581702E-02   2168.786297    
  0.2670097525E-02   2131.326617    
  0.2678613348E-02   2144.322034    
  0.2687129171E-02   2134.379757    
  0.2695644994E-02   2176.888861    
  0.2704160817E-02   2175.714577    
  0.2712676640E-02   2196.695129    
  0.2721192463E-02   2207.733404    
  0.2729708285E-02   2275.567914    
  0.2738224108E-02   2340.427568    
  0.2746739931E-02   2395.697232    
  0.2755255754E-02   2386.929240    
  0.2763771577E-02   2437.814908    
  0.2772287400E-02   2455.742320    
  0.2780803223E-02   2467.367738    
  0.2789319046E-02   2496.685711    
  0.2797834869E-02   2498.329709    
  0.2806350692E-02   2591.567910    
  0.2814866514E-02   2567.416789    
  0.2823382337E-02   2631.728444    
  0.2831898160E-02   2669.696981    
  0.2840413983E-02   2725.397215    
  0.2848929806E-02   2763.718037    
  0.2857445629E-02   2789.121728    
  0.2865961452E-02   2903.340481    
  0.2874477275E-02   2980.882410    
  0.2882993098E-02   3135.770553    
  0.2891508920E-02   3155.263678    
  0.2900024743E-02   3201.334779    
  0.2908540566E-02   3184.346795    
  0.2917056389E-02   3169.589951    
  0.2925572212E-02   3066.096332    
  0.2934088035E-02   2909.564189    
  0.2942603858E-02   2839.498539    
  0.2951119681E-02   2823.215126    
  0.2959635504E-02   2885.021641    
  0.2968151326E-02   2932.423597    
  0.2976667149E-02   3033.451219    
  0.2985182972E-02   3079.013463    
  0.2993698795E-02   2981.430409    
  0.3002214618E-02   2867.485657    
  0.3010730441E-02   2818.165702    
  0.3019246264E-02   2854.803383    
  0.3027762087E-02   2862.044804    
  0.3036277910E-02   2831.983118    
  0.3044793733E-02   2856.408238    
  0.3053309555E-02   2884.865069    
  0.3061825378E-02   2960.371571    
  0.3070341201E-02   3097.019160    
  0.3078857024E-02   3284.121846    
  0.3087372847E-02   3449.891694    
  0.3095888670E-02   3649.598368    
  0.3104404493E-02   3932.248680    
  0.3112920316E-02   4292.675778    
  0.3121436139E-02   4630.086898    
  0.3129951961E-02   4875.199244    
  0.3138467784E-02   5109.273315    
  0.3146983607E-02   5254.532325    
  0.3155499430E-02   5307.570848    
  0.3164015253E-02   5292.305148    
  0.3172531076E-02   5094.829614    
  0.3181046899E-02   4963.662020    
  0.3189562722E-02   4800.201599    
  0.3198078545E-02   4764.699060    
  0.3206594368E-02   4538.844981    
  0.3215110190E-02   4281.989788    
  0.3223626013E-02   4047.837432    
  0.3232141836E-02   3990.454056    
  0.3240657659E-02   4029.831734    
  0.3249173482E-02   4116.259083    
  0.3257689305E-02   4231.926120    
  0.3266205128E-02   4325.046892    
  0.3274720951E-02   4359.336003    
  0.3283236774E-02   4507.609010    
  0.3291752596E-02   4650.715164    
  0.3300268419E-02   4694.281125    
  0.3308784242E-02   4551.057542    
  0.3317300065E-02   4368.925994    
  0.3325815888E-02   4270.129513    
  0.3334331711E-02   4284.181786    
  0.3342847534E-02   4362.271715    
  0.3351363357E-02   4508.431009    
  0.3359879180E-02   4657.173730    
  0.3368395002E-02   4978.536292    
  0.3376910825E-02   5250.735471    
  0.3385426648E-02   5367.733364    
  0.3393942471E-02   5151.821562    
  0.3402458294E-02   5004.683697    
  0.3410974117E-02   4937.514616    
  0.3419489940E-02   4953.876315    
  0.3428005763E-02   4848.738697    
  0.3436521586E-02   4601.904066    
  0.3445037409E-02   4331.662028    
  0.3453553231E-02   4059.423707    
  0.3462069054E-02   3979.924637    
  0.3470584877E-02   3848.678757    
  0.3479100700E-02   3775.246824    
  0.3487616523E-02   3565.793588    
  0.3496132346E-02   3432.473139    
  0.3504648169E-02   3126.180562    
  0.3513163992E-02   2704.808091    
  0.3521679815E-02   2151.798313    
  0.3530195637E-02   1668.423613    
  0.3538711460E-02   1221.804023    
  0.3547227283E-02   693.6890783    
  0.3555743106E-02   271.6511795    
  0.3564258929E-02   20.35426705    
  0.3572774752E-02   0.000000000    
  0.3581290575E-02   0.000000000    
  0.3589806398E-02   0.000000000    
  0.3598322221E-02   0.000000000    
  0.3606838043E-02   0.000000000    
  0.3615353866E-02   0.000000000    
  0.3623869689E-02   0.000000000    
  0.3632385512E-02   0.000000000    
  0.3640901335E-02   0.000000000    
  0.3649417158E-02   0.000000000    
  0.3657932981E-02   0.000000000    
  0.3666448804E-02   0.000000000    
  0.3674964627E-02   0.000000000    
  0.3683480450E-02   0.000000000    
  0.3691996272E-02   0.000000000    
  0.3700512095E-02   0.000000000    
  0.3709027918E-02   0.000000000    
  0.3717543741E-02   0.000000000    
  0.3726059564E-02   0.000000000    
  0.3734575387E-02   0.000000000    
  0.3743091210E-02   0.000000000    
  0.3751607033E-02   0.000000000    
  0.3760122856E-02   0.000000000    
  0.3768638678E-02   0.000000000    
  0.3777154501E-02   0.000000000    
  0.3785670324E-02   0.000000000    
  0.3794186147E-02   0.000000000    
  0.3802701970E-02   0.000000000    
  0.3811217793E-02   0.000000000    
  0.3819733616E-02   0.000000000    
  0.3828249439E-02   0.000000000    
  0.3836765262E-02   0.000000000    
  0.3845281084E-02   0.000000000    
  0.3853796907E-02   0.000000000    
  0.3862312730E-02   0.000000000    
