   0.000000000       15.18576042    
  0.1250000000E-02   15.18711126    
  0.2500000000E-02   15.19116561    
  0.3750000000E-02   15.19792904    
  0.5000000000E-02   15.20741081    
  0.6250000000E-02   15.21962396    
  0.7500000000E-02   15.23458532    
  0.8750000000E-02   15.25231561    
  0.1000000000E-01   15.27283951    
  0.1125000000E-01   15.29618574    
  0.1250000000E-01   15.32238719    
  0.1375000000E-01   15.35148105    
  0.1500000000E-01   15.38350898    
  0.1625000000E-01   15.41851724    
  0.1750000000E-01   15.45655691    
  0.1875000000E-01   15.49768412    
  0.2000000000E-01   15.54196026    
  0.2125000000E-01   15.58945227    
  0.2250000000E-01   15.64023295    
  0.2375000000E-01   15.69438127    
  0.2500000000E-01   15.75198274    
  0.2625000000E-01   15.81312986    
  0.2750000000E-01   15.87792251    
  0.2875000000E-01   15.94646852    
  0.3000000000E-01   16.01888417    
  0.3125000000E-01   16.09529485    
  0.3250000000E-01   16.17583573    
  0.3375000000E-01   16.26065253    
  0.3500000000E-01   16.34990236    
  0.3625000000E-01   16.44375469    
  0.3750000000E-01   16.54239239    
  0.3875000000E-01   16.64601292    
  0.4000000000E-01   16.75482966    
  0.4125000000E-01   16.86907342    
  0.4250000000E-01   16.98899413    
  0.4375000000E-01   17.11486267    
  0.4500000000E-01   17.24697307    
  0.4625000000E-01   17.38564497    
  0.4750000000E-01   17.53122636    
  0.4875000000E-01   17.68409674    
  0.5000000000E-01   17.84467082    
  0.5125000000E-01   18.01340266    
  0.5250000000E-01   18.19079046    
  0.5375000000E-01   18.37738223    
  0.5500000000E-01   18.57378225    
  0.5625000000E-01   18.78065873    
  0.5750000000E-01   18.99875276    
  0.5875000000E-01   19.22888888    
  0.6000000000E-01   19.47198767    
  0.6125000000E-01   19.72908078    
  0.6250000000E-01   20.00132901    
  0.6375000000E-01   20.29004419    
  0.6500000000E-01   20.59671590    
  0.6625000000E-01   20.92304425    
  0.6750000000E-01   21.27098065    
  0.6875000000E-01   21.64277870    
  0.7000000000E-01   22.04105859    
  0.7125000000E-01   22.46888937    
  0.7250000000E-01   22.92989536    
  0.7375000000E-01   23.42839561    
  0.7500000000E-01   23.96958933    
  0.7625000000E-01   24.55980653    
  0.7750000000E-01   25.20685309    
  0.7875000000E-01   25.92049557    
  0.8000000000E-01   26.71315894    
  0.8125000000E-01   27.60095816    
  0.8250000000E-01   28.60527304    
  0.8375000000E-01   29.75524511    
  0.8500000000E-01   31.09192119    
  0.8625000000E-01   32.67552412    
  0.8750000000E-01   34.59911094    
  0.8875000000E-01   37.01633209    
  0.9000000000E-01   40.20096115    
  0.9125000000E-01   44.62781928    
  0.9250000000E-01   49.34554924    
  0.9375000000E-01   48.07837564    
  0.9500000000E-01   59.09148051    
  0.9625000000E-01   64.72041554    
  0.9750000000E-01   33.17003495    
  0.9875000000E-01   22.96364847    
  0.1000000000      -4.440850441    
  0.1012500000      -1.998381729    
  0.1025000000      -5.017659658    
  0.1037500000       4.507270651    
  0.1050000000       12.72438601    
  0.1062500000       19.97702812    
  0.1075000000       24.86519392    
  0.1087500000       14.20735500    
  0.1100000000       18.66615919    
  0.1112500000       24.94703952    
  0.1125000000       31.20922261    
  0.1137500000       38.29129467    
  0.1150000000       37.70949459    
  0.1162500000       36.52785224    
  0.1175000000       43.82749780    
  0.1187500000       55.41124316    
  0.1200000000       35.41571243    
  0.1212500000       32.03704059    
  0.1225000000       50.23304134    
  0.1237500000       68.69460831    
  0.1250000000       68.90098795    
  0.1262500000       31.02066883    
  0.1275000000       42.17164350    
  0.1287500000      -7.840473740    
  0.1300000000      -6.786010378    
  0.1312500000      -23.87517355    
  0.1325000000       10.53236996    
  0.1337500000       12.89858687    
  0.1350000000      -44.51509793    
  0.1362500000      -58.43537486    
  0.1375000000      -45.03220850    
  0.1387500000      -57.17215656    
  0.1400000000      -48.84806104    
  0.1412500000      -45.60952801    
  0.1425000000      -36.48094636    
  0.1437500000      -28.94544224    
  0.1450000000      -23.64636549    
  0.1462500000      -21.67498301    
  0.1475000000      -16.86658790    
  0.1487500000      -14.92473365    
  0.1500000000      -18.31587152    
  0.1512500000      -14.59534169    
  0.1525000000      -10.83844472    
  0.1537500000      -7.039709941    
  0.1550000000      -3.135474050    
  0.1562500000      -9.818557784    
  0.1575000000      -11.37716890    
  0.1587500000      -7.290598739    
  0.1600000000      -3.474139943    
  0.1612500000      0.5895082265    
  0.1625000000       1.495901689    
  0.1637500000     -0.2044481080E-02
  0.1650000000       5.296205903    
  0.1662500000      -7.357181164    
  0.1675000000      -10.14923499    
  0.1687500000      -7.049250408    
  0.1700000000      -4.053531190    
  0.1712500000      -5.196761482    
  0.1725000000      -1.018852251    
  0.1737500000       3.937526856    
  0.1750000000      -8.175958840    
  0.1762500000      -7.804291244    
  0.1775000000      -2.413576667    
  0.1787500000      0.4802762657    
  0.1800000000     -0.3245860490    
  0.1812500000     -0.8030532982    
  0.1825000000      -3.040966537    
  0.1837500000      -1.169100669    
  0.1850000000       1.040043690    
  0.1862500000       1.165873945    
  0.1875000000       4.202183624    
  0.1887500000       1.060659648    
  0.1900000000      0.6992377670    
  0.1912500000       3.246250116    
  0.1925000000       10.52691344    
  0.1937500000       3.261501871    
  0.1950000000      -6.479844477    
  0.1962500000      -13.08372314    
  0.1975000000      -14.22054720    
  0.1987500000      -10.48969122    
  0.2000000000      -19.45288096    
  0.2012500000      -23.76310491    
  0.2025000000      -20.68706924    
  0.2037500000      -18.44815745    
  0.2050000000      -13.82573164    
  0.2062500000      -14.19167416    
  0.2075000000      -12.30886885    
  0.2087500000      -12.57200150    
  0.2100000000      -10.08911164    
  0.2112500000      -8.919545160    
  0.2125000000      -13.94147521    
  0.2137500000      -13.06961909    
  0.2150000000      -10.18998665    
  0.2162500000      -7.669798134    
  0.2175000000      -4.872955353    
  0.2187500000      -3.637273939    
  0.2200000000      -7.343556723    
  0.2212500000      -6.049904328    
  0.2225000000      -10.52670277    
  0.2237500000      -11.91284481    
  0.2250000000      -9.072684934    
  0.2262500000      -11.13829704    
  0.2275000000      -12.96969014    
  0.2287500000      -11.53826852    
  0.2300000000      -9.383075454    
  0.2312500000      -7.465628874    
  0.2325000000      -8.780265485    
  0.2337500000      -9.154074440    
  0.2350000000      -9.577401818    
  0.2362500000      -10.14949493    
  0.2375000000      -8.710937154    
  0.2387500000      -7.365447664    
  0.2400000000      -6.227501695    
  0.2412500000      -7.860408726    
  0.2425000000      -8.042399567    
  0.2437500000      -7.195868870    
  0.2450000000      -6.153133661    
  0.2462500000      -5.350184196    
  0.2475000000      -6.141521187    
  0.2487500000      -6.134581649    
  0.2500000000      -5.003974642    
  0.2512500000      -4.178906736    
  0.2525000000      -4.214079482    
  0.2537500000      -5.524809135    
  0.2550000000      -7.239144904    
  0.2562500000      -6.099475240    
  0.2575000000      -5.033489615    
  0.2587500000      -4.573434513    
  0.2600000000      -4.210835550    
  0.2612500000      -5.552100652    
  0.2625000000      -5.626815335    
  0.2637500000      -4.610304681    
  0.2650000000      -4.297633032    
  0.2662500000      -3.804601737    
  0.2675000000      -3.093441272    
  0.2687500000      -3.709513514    
  0.2700000000      -5.169675532    
  0.2712500000      -6.176152142    
  0.2725000000      -5.669482346    
  0.2737500000      -4.863405797    
  0.2750000000      -4.329283643    
  0.2762500000      -3.847561963    
  0.2775000000      -3.565506428    
  0.2787500000      -3.034106679    
  0.2800000000      -2.356611307    
  0.2812500000      -2.017027671    
  0.2825000000      -2.868561293    
  0.2837500000      -3.443589375    
  0.2850000000      -2.593088974    
  0.2862500000      -3.766194469    
  0.2875000000      -3.090849971    
  0.2887500000      -2.314499226    
  0.2900000000      -2.747866232    
  0.2912500000      -2.411648314    
  0.2925000000      -3.455148271    
  0.2937500000      -4.326180894    
  0.2950000000      -3.223855630    
  0.2962500000      -2.260026181    
  0.2975000000      -2.815506309    
  0.2987500000      -2.881075708    
  0.3000000000      -3.106221159    
  0.3012500000      -2.393560085    
  0.3025000000      -3.802059710    
  0.3037500000      -3.101427531    
  0.3050000000      -2.030087106    
  0.3062500000      -4.362557483    
  0.3075000000      -4.158927270    
  0.3087500000      -3.184646411    
  0.3100000000      -3.148035370    
  0.3112500000      -2.839774649    
  0.3125000000      -3.269988650    
  0.3137500000      -3.836520342    
  0.3150000000      -4.648562844    
  0.3162500000      -3.902324524    
  0.3175000000      -3.194375473    
  0.3187500000      -3.323615098    
  0.3200000000      -3.008789892    
  0.3212500000      -3.370649804    
  0.3225000000      -3.387109938    
  0.3237500000      -3.024315453    
  0.3250000000      -3.170466465    
  0.3262500000      -2.960682159    
  0.3275000000      -2.852622371    
  0.3287500000      -2.433147774    
  0.3300000000      -2.281423940    
  0.3312500000      -2.359995613    
  0.3325000000      -2.273910865    
  0.3337500000      -2.280686390    
  0.3350000000      -2.147702637    
  0.3362500000      -2.156954393    
  0.3375000000      -1.837318007    
  0.3387500000      -1.173583147    
  0.3400000000     -0.8480916814    
  0.3412500000      -1.678775093    
  0.3425000000      -2.632473910    
  0.3437500000      -2.792493669    
  0.3450000000      -2.665330536    
  0.3462500000      -2.341573789    
  0.3475000000      -2.554600608    
  0.3487500000      -2.755490321    
  0.3500000000      -3.678127283    
  0.3512500000      -3.091437979    
  0.3525000000      -2.498695925    
  0.3537500000      -2.195690785    
  0.3550000000      -2.850363381    
  0.3562500000      -2.553490778    
  0.3575000000      -2.757061446    
  0.3587500000      -2.517373659    
  0.3600000000      -2.329821339    
  0.3612500000      -2.657539924    
  0.3625000000      -2.852188893    
  0.3637500000      -2.616196146    
  0.3650000000      -2.441940498    
  0.3662500000      -2.169312024    
  0.3675000000      -2.098871221    
  0.3687500000      -2.465639898    
  0.3700000000      -2.271788774    
  0.3712500000      -2.174632634    
  0.3725000000      -2.069788269    
  0.3737500000      -1.934582628    
  0.3750000000      -1.810213962    
  0.3762500000      -1.691637281    
  0.3775000000      -1.573493268    
  0.3787500000      -1.552881621    
  0.3800000000      -1.506179075    
  0.3812500000      -1.342140545    
  0.3825000000      -1.408618836    
  0.3837500000      -1.408460279    
  0.3850000000      -1.265511453    
  0.3862500000      -1.145803752    
  0.3875000000     -0.9340689510    
  0.3887500000     -0.9327664760    
  0.3900000000      -1.126752001    
  0.3912500000     -0.8658402988    
  0.3925000000     -0.6330093907    
  0.3937500000     -0.7673029987    
  0.3950000000      -1.205283605    
  0.3962500000     -0.8734114863    
  0.3975000000      -1.122659469    
  0.3987500000      -1.897325703    
  0.4000000000      -1.894970526    
  0.4012500000      -1.493951988    
  0.4025000000      -1.302033079    
  0.4037500000      -1.432012539    
  0.4050000000      -1.389376558    
  0.4062500000      -1.331466295    
  0.4075000000      -1.185416384    
  0.4087500000      -1.141283045    
  0.4100000000      -1.294300673    
  0.4112500000      -1.385390641    
  0.4125000000      -1.418795350    
  0.4137500000      -1.340908055    
  0.4150000000      -1.777271450    
  0.4162500000      -1.878461728    
  0.4175000000      -1.575163317    
  0.4187500000      -1.357088557    
  0.4200000000      -1.326594843    
  0.4212500000      -1.336457603    
  0.4225000000      -1.149328952    
  0.4237500000      -1.542200308    
  0.4250000000      -1.450968836    
  0.4262500000      -1.204393423    
  0.4275000000      -1.052134173    
  0.4287500000      -1.268813816    
  0.4300000000      -1.200622741    
  0.4312500000      -1.102241525    
  0.4325000000      -1.055090983    
  0.4337500000      -1.235867459    
  0.4350000000      -1.432734985    
  0.4362500000      -1.247673675    
  0.4375000000      -1.136016185    
  0.4387500000      -1.042455215    
  0.4400000000      -1.135562138    
  0.4412500000      -1.060056561    
  0.4425000000     -0.9792761396    
  0.4437500000      -1.011978951    
  0.4450000000      -1.041594453    
  0.4462500000     -0.9661916560    
  0.4475000000      -1.221619581    
  0.4487500000      -1.129387982    
  0.4500000000      -1.002863024    
  0.4512500000     -0.8897691658    
  0.4525000000     -0.8196640349    
  0.4537500000     -0.7526107701    
  0.4550000000     -0.8155594823    
  0.4562500000     -0.7089467717    
  0.4575000000     -0.6011528607    
  0.4587500000     -0.7583871459    
  0.4600000000     -0.8238299088    
  0.4612500000     -0.7737149966    
  0.4625000000      -1.110372784    
  0.4637500000      -1.049946082    
  0.4650000000      -1.033075715    
  0.4662500000     -0.9320933957    
  0.4675000000     -0.8357293045    
  0.4687500000     -0.8000361050    
  0.4700000000     -0.7348420410    
  0.4712500000     -0.7290937702    
  0.4725000000     -0.6929106795    
  0.4737500000     -0.6407560097    
  0.4750000000     -0.5662304149    
  0.4762500000     -0.4935182051    
  0.4775000000     -0.5210681488    
  0.4787500000     -0.6965120474    
  0.4800000000     -0.6772883561    
  0.4812500000     -0.7505072902    
  0.4825000000     -0.7980680040    
  0.4837500000     -0.6845523349    
  0.4850000000     -0.5947213449    
  0.4862500000     -0.5173216711    
  0.4875000000     -0.5385854491    
  0.4887500000     -0.4565431139    
  0.4900000000     -0.4521858599    
  0.4912500000     -0.5242684861    
  0.4925000000     -0.5297111888    
  0.4937500000     -0.5802628434    
  0.4950000000     -0.6164687393    
  0.4962500000     -0.5075107771    
  0.4975000000     -0.3949993165    
  0.4987500000     -0.2727473053    

   0.000000000       0.000000000    
  0.1250000000E-02  0.2162216301E-02
  0.2500000000E-02  0.4327391851E-02
  0.3750000000E-02  0.6498497274E-02
  0.5000000000E-02  0.8678526031E-02
  0.6250000000E-02  0.1087050606E-01
  0.7500000000E-02  0.1307751170E-01
  0.8750000000E-02  0.1530267594E-01
  0.1000000000E-01  0.1754920321E-01
  0.1125000000E-01  0.1982038266E-01
  0.1250000000E-01  0.2211960218E-01
  0.1375000000E-01  0.2445036323E-01
  0.1500000000E-01  0.2681629662E-01
  0.1625000000E-01  0.2922117937E-01
  0.1750000000E-01  0.3166895285E-01
  0.1875000000E-01  0.3416374239E-01
  0.2000000000E-01  0.3670987850E-01
  0.2125000000E-01  0.3931192007E-01
  0.2250000000E-01  0.4197467964E-01
  0.2375000000E-01  0.4470325116E-01
  0.2500000000E-01  0.4750304063E-01
  0.2625000000E-01  0.5037979982E-01
  0.2750000000E-01  0.5333966372E-01
  0.2875000000E-01  0.5638919216E-01
  0.3000000000E-01  0.5953541620E-01
  0.3125000000E-01  0.6278589000E-01
  0.3250000000E-01  0.6614874903E-01
  0.3375000000E-01  0.6963277548E-01
  0.3500000000E-01  0.7324747214E-01
  0.3625000000E-01  0.7700314603E-01
  0.3750000000E-01  0.8091100368E-01
  0.3875000000E-01  0.8498326193E-01
  0.4000000000E-01  0.8923327015E-01
  0.4125000000E-01  0.9367558606E-01
  0.4250000000E-01  0.9832631005E-01
  0.4375000000E-01  0.1032031040    
  0.4500000000E-01  0.1083254670    
  0.4625000000E-01  0.1137149911    
  0.4750000000E-01  0.1193956540    
  0.4875000000E-01  0.1253941620    
  0.5000000000E-01  0.1317403024    
  0.5125000000E-01  0.1384675558    
  0.5250000000E-01  0.1456135333    
  0.5375000000E-01  0.1532206977    
  0.5500000000E-01  0.1613371789    
  0.5625000000E-01  0.1700177503    
  0.5750000000E-01  0.1793250168    
  0.5875000000E-01  0.1893308640    
  0.6000000000E-01  0.2001182414    
  0.6125000000E-01  0.2117833681    
  0.6250000000E-01  0.2244384850    
  0.6375000000E-01  0.2382153156    
  0.6500000000E-01  0.2532694557    
  0.6625000000E-01  0.2697859960    
  0.6750000000E-01  0.2879867953    
  0.6875000000E-01  0.3081399968    
  0.7000000000E-01  0.3305726269    
  0.7125000000E-01  0.3556875011    
  0.7250000000E-01  0.3839862372    
  0.7375000000E-01  0.4161010930    
  0.7500000000E-01  0.4528398064    
  0.7625000000E-01  0.4952500280    
  0.7750000000E-01  0.5447140347    
  0.7875000000E-01  0.6030916172    
  0.8000000000E-01  0.6729422162    
  0.8125000000E-01  0.7578826610    
  0.8250000000E-01  0.8631880772    
  0.8375000000E-01  0.9968544962    
  0.8500000000E-01   1.171602755    
  0.8625000000E-01   1.408984477    
  0.8750000000E-01   1.748782008    
  0.8875000000E-01   2.274112860    
  0.9000000000E-01   3.195073816    
  0.9125000000E-01   5.227640111    
  0.9250000000E-01   11.32788058    
  0.9375000000E-01   14.12216418    
  0.9500000000E-01   18.65120500    
  0.9625000000E-01   46.39634360    
  0.9750000000E-01   58.42127538    
  0.9875000000E-01   62.13988285    
  0.1000000000       50.00518011    
  0.1012500000       31.33343190    
  0.1025000000       18.41485959    
  0.1037500000       8.986437651    
  0.1050000000       6.625821604    
  0.1062500000       7.464223892    
  0.1075000000       14.98383087    
  0.1087500000       14.85513494    
  0.1100000000       6.896206860    
  0.1112500000       5.326199803    
  0.1125000000       5.961245140    
  0.1137500000       9.800918874    
  0.1150000000       20.20634693    
  0.1162500000       15.14669420    
  0.1175000000       16.29886583    
  0.1187500000       28.04707634    
  0.1200000000       47.27737355    
  0.1212500000       24.89811581    
  0.1225000000       24.19169707    
  0.1237500000       37.29185238    
  0.1250000000       83.01053469    
  0.1262500000       73.61367889    
  0.1275000000       97.87786642    
  0.1287500000       88.08035011    
  0.1300000000       89.53607946    
  0.1312500000       53.32094992    
  0.1325000000       48.49271738    
  0.1337500000       101.0199003    
  0.1350000000       94.83161627    
  0.1362500000       60.78507357    
  0.1375000000       43.88114491    
  0.1387500000       40.37456737    
  0.1400000000       23.41319787    
  0.1412500000       14.53605869    
  0.1425000000       7.917342706    
  0.1437500000       6.040713477    
  0.1450000000       6.890339212    
  0.1462500000       5.892730566    
  0.1475000000       5.621530054    
  0.1487500000       9.836315956    
  0.1500000000       6.742943026    
  0.1512500000       3.711996147    
  0.1525000000       3.187582967    
  0.1537500000       3.911917558    
  0.1550000000       7.798274287    
  0.1562500000       14.00937011    
  0.1575000000       5.951640593    
  0.1587500000       3.585524977    
  0.1600000000       3.473165712    
  0.1612500000       5.216608871    
  0.1625000000       11.04394558    
  0.1637500000       9.251441094    
  0.1650000000       14.52819263    
  0.1662500000       23.77385533    
  0.1675000000       11.26927350    
  0.1687500000       9.646212018    
  0.1700000000       8.658264056    
  0.1712500000       9.169161867    
  0.1725000000       6.931054322    
  0.1737500000       12.98149564    
  0.1750000000       18.52124906    
  0.1762500000       7.958402894    
  0.1775000000       6.841874776    
  0.1787500000       8.957543800    
  0.1800000000       12.96670142    
  0.1812500000       11.14647433    
  0.1825000000       12.41754415    
  0.1837500000       9.084947551    
  0.1850000000       11.35118275    
  0.1862500000       11.54675740    
  0.1875000000       13.11162554    
  0.1887500000       15.12023909    
  0.1900000000       16.82817636    
  0.1912500000       12.44386613    
  0.1925000000       20.39124433    
  0.1937500000       30.44573123    
  0.1950000000       30.44756660    
  0.1962500000       30.59365405    
  0.1975000000       19.39023293    
  0.1987500000       22.53739682    
  0.2000000000       28.83485467    
  0.2012500000       14.26685806    
  0.2025000000       12.09366414    
  0.2037500000       6.747749792    
  0.2050000000       6.833629388    
  0.2062500000       7.119877269    
  0.2075000000       7.378768882    
  0.2087500000       5.644766234    
  0.2100000000       6.081847234    
  0.2112500000       8.554815368    
  0.2125000000       8.525462227    
  0.2137500000       3.800011601    
  0.2150000000       2.480586305    
  0.2162500000       2.493733434    
  0.2175000000       3.619316253    
  0.2187500000       7.899518352    
  0.2200000000       9.228090810    
  0.2212500000       8.817572987    
  0.2225000000       12.36299458    
  0.2237500000       6.693505780    
  0.2250000000       6.168701872    
  0.2262500000       9.187464272    
  0.2275000000       5.289709812    
  0.2287500000       2.991116414    
  0.2300000000       2.281518627    
  0.2312500000       3.490793411    
  0.2325000000       5.156426981    
  0.2337500000       3.764195996    
  0.2350000000       4.509327132    
  0.2362500000       2.351616449    
  0.2375000000       1.355273789    
  0.2387500000       1.329089594    
  0.2400000000       2.401270665    
  0.2412500000       3.429669156    
  0.2425000000       1.886758940    
  0.2437500000       1.122547888    
  0.2450000000       1.065924888    
  0.2462500000       1.723061672    
  0.2475000000       2.692693727    
  0.2487500000       1.377163482    
  0.2500000000       1.233997292    
  0.2512500000       2.207462883    
  0.2525000000       2.874892164    
  0.2537500000       4.654277486    
  0.2550000000       2.452235621    
  0.2562500000       1.237326632    
  0.2575000000       1.234659732    
  0.2587500000       1.664799213    
  0.2600000000       2.261761268    
  0.2612500000       3.129799362    
  0.2625000000       1.415060134    
  0.2637500000       1.143131293    
  0.2650000000       1.590565751    
  0.2662500000       1.358778923    
  0.2675000000       2.423669864    
  0.2687500000       3.069664431    
  0.2700000000       3.675187344    
  0.2712500000       2.490712201    
  0.2725000000       1.064093964    
  0.2737500000      0.6756297140    
  0.2750000000      0.6310952214    
  0.2762500000      0.6158350064    
  0.2775000000      0.6672569593    
  0.2787500000      0.6160039382    
  0.2800000000      0.9623644253    
  0.2812500000       1.801457395    
  0.2825000000       3.036841558    
  0.2837500000       1.763685607    
  0.2850000000       2.141754871    
  0.2862500000       2.224489678    
  0.2875000000       1.382740013    
  0.2887500000       1.872556135    
  0.2900000000       2.250887419    
  0.2912500000       2.696175738    
  0.2925000000       3.545478274    
  0.2937500000       1.823984512    
  0.2950000000       1.175600162    
  0.2962500000       1.747009713    
  0.2975000000       2.466299472    
  0.2987500000       2.314803924    
  0.3000000000       2.113794018    
  0.3012500000       2.504849741    
  0.3025000000       2.719559907    
  0.3037500000       1.630900134    
  0.3050000000       2.646917792    
  0.3062500000       3.554386452    
  0.3075000000       1.583455891    
  0.3087500000       1.580697450    
  0.3100000000       1.889335203    
  0.3112500000       2.006581345    
  0.3125000000       2.873035514    
  0.3137500000       2.557441327    
  0.3150000000       1.633926161    
  0.3162500000      0.8551386189    
  0.3175000000      0.9648118745    
  0.3187500000       1.275484214    
  0.3200000000       1.190576811    
  0.3212500000       1.390357328    
  0.3225000000       1.046987291    
  0.3237500000      0.8901064538    
  0.3250000000      0.9942802076    
  0.3262500000      0.7640246367    
  0.3275000000      0.6032124770    
  0.3287500000      0.5612214474    
  0.3300000000      0.8876251502    
  0.3312500000       1.035251065    
  0.3325000000      0.8178801379    
  0.3337500000       1.060503064    
  0.3350000000      0.8455448016    
  0.3362500000      0.9608345678    
  0.3375000000      0.6514395393    
  0.3387500000      0.8707669013    
  0.3400000000       1.906193364    
  0.3412500000       2.861363127    
  0.3425000000       2.418586407    
  0.3437500000       1.737409347    
  0.3450000000       1.677656539    
  0.3462500000       1.587000995    
  0.3475000000       1.793597542    
  0.3487500000       2.208038475    
  0.3500000000       1.348689991    
  0.3512500000      0.6628963220    
  0.3525000000      0.6447982172    
  0.3537500000       1.173066018    
  0.3550000000       1.203594816    
  0.3562500000      0.8729122175    
  0.3575000000       1.013431377    
  0.3587500000      0.6698935076    
  0.3600000000      0.9240809722    
  0.3612500000       1.164999814    
  0.3625000000      0.6143561947    
  0.3637500000      0.4517536292    
  0.3650000000      0.3046963333    
  0.3662500000      0.3322459736    
  0.3675000000      0.6670888453    
  0.3687500000      0.4614103893    
  0.3700000000      0.2496978561    
  0.3712500000      0.2317604289    
  0.3725000000      0.1419836738    
  0.3737500000      0.1087823246    
  0.3750000000      0.1030977235    
  0.3762500000      0.1180073649    
  0.3775000000      0.1601729885    
  0.3787500000      0.2649846111    
  0.3800000000      0.1855848947    
  0.3812500000      0.2386600631    
  0.3825000000      0.4206601119    
  0.3837500000      0.2462379504    
  0.3850000000      0.2440199183    
  0.3862500000      0.2372513384    
  0.3875000000      0.3349159784    
  0.3887500000      0.6548775664    
  0.3900000000      0.5253811752    
  0.3912500000      0.4472477910    
  0.3925000000      0.7693661626    
  0.3937500000       1.217439140    
  0.3950000000       1.071159492    
  0.3962500000       1.008227377    
  0.3975000000       1.605906310    
  0.3987500000       1.391293801    
  0.4000000000      0.7344249529    
  0.4012500000      0.5563438701    
  0.4025000000      0.7297390104    
  0.4037500000      0.7763873591    
  0.4050000000      0.6379079285    
  0.4062500000      0.7147234621    
  0.4075000000      0.6574695407    
  0.4087500000      0.8454979747    
  0.4100000000      0.9426840800    
  0.4112500000      0.9134234712    
  0.4125000000      0.8318945975    
  0.4137500000      0.9691999194    
  0.4150000000       1.094123266    
  0.4162500000      0.5342629340    
  0.4175000000      0.3246947871    
  0.4187500000      0.4116335274    
  0.4200000000      0.4495338997    
  0.4212500000      0.4555457590    
  0.4225000000      0.5499272980    
  0.4237500000      0.6711272454    
  0.4250000000      0.3006216764    
  0.4262500000      0.2592625003    
  0.4275000000      0.4682420253    
  0.4287500000      0.5084896530    
  0.4300000000      0.4009856029    
  0.4312500000      0.3902724588    
  0.4325000000      0.5359638504    
  0.4337500000      0.7263918966    
  0.4350000000      0.3957195235    
  0.4362500000      0.2580061867    
  0.4375000000      0.2470345226    
  0.4387500000      0.3481535457    
  0.4400000000      0.3705910291    
  0.4412500000      0.2535051169    
  0.4425000000      0.3496145320    
  0.4437500000      0.3970259722    
  0.4450000000      0.3383088578    
  0.4462500000      0.4491002018    
  0.4475000000      0.3820606191    
  0.4487500000      0.1727546991    
  0.4500000000      0.1287766529    
  0.4512500000      0.1325757581    
  0.4525000000      0.1741240652    
  0.4537500000      0.2629156032    
  0.4550000000      0.2653438722    
  0.4562500000      0.2253412116    
  0.4575000000      0.4051916243    
  0.4587500000      0.5137610038    
  0.4600000000      0.4344519658    
  0.4612500000      0.5785778694    
  0.4625000000      0.5159963887    
  0.4637500000      0.2962686688    
  0.4650000000      0.2283952980    
  0.4662500000      0.1290187292    
  0.4675000000      0.1372656751    
  0.4687500000      0.1269176077    
  0.4700000000      0.1510437403    
  0.4712500000      0.1593012531    
  0.4725000000      0.1534154821    
  0.4737500000      0.1370310650    
  0.4750000000      0.1524631511    
  0.4762500000      0.2564379011    
  0.4775000000      0.3577008946    
  0.4787500000      0.4313482732    
  0.4800000000      0.2925647490    
  0.4812500000      0.3826289772    
  0.4825000000      0.1834629512    
  0.4837500000      0.1119996857    
  0.4850000000      0.1066294165    
  0.4862500000      0.1553172407    
  0.4875000000      0.1801628603    
  0.4887500000      0.1908028600    
  0.4900000000      0.2614702715    
  0.4912500000      0.3251979608    
  0.4925000000      0.3011390070    
  0.4937500000      0.2944115558    
  0.4950000000      0.1717931507    
  0.4962500000      0.1057583285    
  0.4975000000      0.1113586153    
  0.4987500000      0.1945715322    
