   0.000000000       25.24192763    
  0.1250000000E-02  -14.12561790    
  0.2500000000E-02  -9.674295384    
  0.3750000000E-02   11.43803842    
  0.5000000000E-02   25.95688253    
  0.6250000000E-02   27.11008542    
  0.7500000000E-02   18.89960887    
  0.8750000000E-02   10.20599174    
  0.1000000000E-01   7.699608327    
  0.1125000000E-01   11.76400599    
  0.1250000000E-01   17.65246212    
  0.1375000000E-01   20.16007886    
  0.1500000000E-01   17.77739765    
  0.1625000000E-01   13.25811782    
  0.1750000000E-01   10.71205857    
  0.1875000000E-01   12.03141762    
  0.2000000000E-01   15.61853490    
  0.2125000000E-01   18.15892476    
  0.2250000000E-01   17.61338282    
  0.2375000000E-01   14.80443261    
  0.2500000000E-01   12.41849165    
  0.2625000000E-01   12.52501394    
  0.2750000000E-01   14.85616345    
  0.2875000000E-01   17.24264248    
  0.3000000000E-01   17.64731453    
  0.3125000000E-01   15.92054411    
  0.3250000000E-01   13.78779925    
  0.3375000000E-01   13.21211881    
  0.3500000000E-01   14.66493643    
  0.3625000000E-01   16.81198062    
  0.3750000000E-01   17.79496754    
  0.3875000000E-01   16.89258871    
  0.4000000000E-01   15.08849578    
  0.4125000000E-01   14.11281594    
  0.4250000000E-01   14.88053082    
  0.4375000000E-01   16.72719979    
  0.4500000000E-01   18.07170995    
  0.4625000000E-01   17.85395173    
  0.4750000000E-01   16.44735017    
  0.4875000000E-01   15.26769363    
  0.5000000000E-01   15.47965226    
  0.5125000000E-01   16.97782259    
  0.5250000000E-01   18.52848099    
  0.5375000000E-01   18.90164851    
  0.5500000000E-01   17.95869421    
  0.5625000000E-01   16.73894830    
  0.5750000000E-01   16.50424124    
  0.5875000000E-01   17.61813922    
  0.6000000000E-01   19.25186891    
  0.6125000000E-01   20.14953071    
  0.6250000000E-01   19.74756449    
  0.6375000000E-01   18.65478798    
  0.6500000000E-01   18.09007144    
  0.6625000000E-01   18.79902672    
  0.6750000000E-01   20.41120729    
  0.6875000000E-01   21.78774664    
  0.7000000000E-01   22.03203764    
  0.7125000000E-01   21.26948806    
  0.7250000000E-01   20.52642840    
  0.7375000000E-01   20.83300593    
  0.7500000000E-01   22.33793750    
  0.7625000000E-01   24.19200700    
  0.7750000000E-01   25.28422246    
  0.7875000000E-01   25.19324552    
  0.8000000000E-01   24.55391036    
  0.8125000000E-01   24.54489883    
  0.8250000000E-01   25.93108639    
  0.8375000000E-01   28.44211083    
  0.8500000000E-01   30.98283562    
  0.8625000000E-01   32.51574126    
  0.8750000000E-01   32.95237776    
  0.8875000000E-01   33.39142616    
  0.9000000000E-01   35.49043623    
  0.9125000000E-01   40.31122137    
  0.9250000000E-01   47.29649155    
  0.9375000000E-01   53.99226089    
  0.9500000000E-01   56.80142168    
  0.9625000000E-01   52.58335108    
  0.9750000000E-01   40.44914487    
  0.9875000000E-01   22.82454500    
  0.1000000000       4.986826978    
  0.1012500000      -7.053177415    
  0.1025000000      -9.465221747    
  0.1037500000      -2.718858702    
  0.1050000000       8.528938264    
  0.1062500000       18.01547717    
  0.1075000000       21.54004434    
  0.1087500000       19.40977439    
  0.1100000000       15.95093782    
  0.1112500000       16.28375424    
  0.1125000000       22.52839198    
  0.1137500000       32.16078399    
  0.1150000000       39.81043981    
  0.1162500000       41.29719014    
  0.1175000000       36.95442524    
  0.1187500000       31.66652376    
  0.1200000000       31.39929601    
  0.1212500000       38.64323306    
  0.1225000000       50.12899278    
  0.1237500000       58.63051789    
  0.1250000000       57.71830155    
  0.1262500000       46.13375548    
  0.1275000000       28.66826573    
  0.1287500000       12.91472508    
  0.1300000000       4.196685701    
  0.1312500000       2.229913078    
  0.1325000000       1.762730901    
  0.1337500000      -3.410810184    
  0.1350000000      -15.97329134    
  0.1362500000      -33.20189638    
  0.1375000000      -48.77098751    
  0.1387500000      -56.76712178    
  0.1400000000      -55.11778141    
  0.1412500000      -46.33059651    
  0.1425000000      -35.44976350    
  0.1437500000      -26.92600660    
  0.1450000000      -22.49141480    
  0.1462500000      -21.09454932    
  0.1475000000      -20.43748856    
  0.1487500000      -18.77029856    
  0.1500000000      -15.79078640    
  0.1512500000      -12.37841474    
  0.1525000000      -9.691617320    
  0.1537500000      -8.369297870    
  0.1550000000      -8.251497008    
  0.1562500000      -8.584045489    
  0.1575000000      -8.447729778    
  0.1587500000      -7.189075964    
  0.1600000000      -4.735947936    
  0.1612500000      -1.706520372    
  0.1625000000      0.7916715199    
  0.1637500000       1.683936561    
  0.1650000000      0.5608507830    
  0.1662500000      -1.971431635    
  0.1675000000      -4.534792610    
  0.1687500000      -5.757010367    
  0.1700000000      -5.110107205    
  0.1712500000      -3.224957999    
  0.1725000000      -1.431469953    
  0.1737500000     -0.8317227583    
  0.1750000000      -1.568099271    
  0.1762500000      -2.808565455    
  0.1775000000      -3.432073942    
  0.1787500000      -2.875229502    
  0.1800000000      -1.502128724    
  0.1812500000     -0.2502566929    
  0.1825000000      0.1331096665    
  0.1837500000     -0.3405935978    
  0.1850000000     -0.9422771509    
  0.1862500000     -0.7985885696    
  0.1875000000      0.4705766464    
  0.1887500000       2.516239096    
  0.1900000000       4.536752693    
  0.1912500000       5.783043539    
  0.1925000000       5.889141622    
  0.1937500000       4.839081241    
  0.1950000000       2.714692667    
  0.1962500000     -0.4688259793    
  0.1975000000      -4.660322652    
  0.1987500000      -9.506457056    
  0.2000000000      -14.20686614    
  0.2012500000      -17.70148672    
  0.2025000000      -19.13713283    
  0.2037500000      -18.32610667    
  0.2050000000      -15.88923770    
  0.2062500000      -12.97763895    
  0.2075000000      -10.73380220    
  0.2087500000      -9.795776991    
  0.2100000000      -10.09088698    
  0.2112500000      -10.97713714    
  0.2125000000      -11.60993051    
  0.2137500000      -11.33707168    
  0.2150000000      -9.961057174    
  0.2162500000      -7.795340209    
  0.2175000000      -5.522844081    
  0.2187500000      -3.920882889    
  0.2200000000      -3.552740926    
  0.2212500000      -4.541836113    
  0.2225000000      -6.523023412    
  0.2237500000      -8.797160677    
  0.2250000000      -10.62197257    
  0.2262500000      -11.50515125    
  0.2275000000      -11.36759720    
  0.2287500000      -10.51584402    
  0.2300000000      -9.458524943    
  0.2312500000      -8.666932345    
  0.2325000000      -8.386917745    
  0.2337500000      -8.570220945    
  0.2350000000      -8.938107490    
  0.2362500000      -9.141269736    
  0.2375000000      -8.944839657    
  0.2387500000      -8.351892739    
  0.2400000000      -7.596714085    
  0.2412500000      -6.999623717    
  0.2425000000      -6.759108330    
  0.2437500000      -6.812139336    
  0.2450000000      -6.867599706    
  0.2462500000      -6.608285860    
  0.2475000000      -5.931227836    
  0.2487500000      -5.050968603    
  0.2500000000      -4.375206575    
  0.2512500000      -4.227267306    
  0.2525000000      -4.613038256    
  0.2537500000      -5.209076906    
  0.2550000000      -5.588510398    
  0.2562500000      -5.520001679    
  0.2575000000      -5.115192086    
  0.2587500000      -4.714032315    
  0.2600000000      -4.600156753    
  0.2612500000      -4.771102746    
  0.2625000000      -4.944626377    
  0.2637500000      -4.795851482    
  0.2650000000      -4.237774353    
  0.2662500000      -3.523254075    
  0.2675000000      -3.085359394    
  0.2687500000      -3.233668749    
  0.2700000000      -3.930404522    
  0.2712500000      -4.804834050    
  0.2725000000      -5.385689276    
  0.2737500000      -5.380395062    
  0.2750000000      -4.815358123    
  0.2762500000      -3.969200871    
  0.2775000000      -3.178197402    
  0.2787500000      -2.659667526    
  0.2800000000      -2.451796654    
  0.2812500000      -2.465540742    
  0.2825000000      -2.574499826    
  0.2837500000      -2.674989624    
  0.2850000000      -2.702757377    
  0.2862500000      -2.633835309    
  0.2875000000      -2.491400516    
  0.2887500000      -2.347886712    
  0.2900000000      -2.296956229    
  0.2912500000      -2.394354611    
  0.2925000000      -2.605867242    
  0.2937500000      -2.810637755    
  0.2950000000      -2.871126687    
  0.2962500000      -2.725540599    
  0.2975000000      -2.434493177    
  0.2987500000      -2.145383604    
  0.3000000000      -2.000585314    
  0.3012500000      -2.056474772    
  0.3025000000      -2.266479994    
  0.3037500000      -2.527844229    
  0.3050000000      -2.746548710    
  0.3062500000      -2.873969037    
  0.3075000000      -2.905383019    
  0.3087500000      -2.864563005    
  0.3100000000      -2.798230698    
  0.3112500000      -2.775680044    
  0.3125000000      -2.869025157    
  0.3137500000      -3.105617733    
  0.3150000000      -3.423371176    
  0.3162500000      -3.678873382    
  0.3175000000      -3.727016969    
  0.3187500000      -3.527345504    
  0.3200000000      -3.192944575    
  0.3212500000      -2.927446032    
  0.3225000000      -2.881558876    
  0.3237500000      -3.034425633    
  0.3250000000      -3.199180138    
  0.3262500000      -3.160652624    
  0.3275000000      -2.845070197    
  0.3287500000      -2.387171014    
  0.3300000000      -2.034544094    
  0.3312500000      -1.957732820    
  0.3325000000      -2.114148832    
  0.3337500000      -2.276319162    
  0.3350000000      -2.206778163    
  0.3362500000      -1.844847257    
  0.3375000000      -1.359573630    
  0.3387500000      -1.028000040    
  0.3400000000      -1.034576780    
  0.3412500000      -1.346501964    
  0.3425000000      -1.755606856    
  0.3437500000      -2.044469581    
  0.3450000000      -2.140747714    
  0.3462500000      -2.142023530    
  0.3475000000      -2.203703292    
  0.3487500000      -2.391795420    
  0.3500000000      -2.623323739    
  0.3512500000      -2.738194660    
  0.3525000000      -2.637089150    
  0.3537500000      -2.370084913    
  0.3550000000      -2.106334168    
  0.3562500000      -2.013160205    
  0.3575000000      -2.141526929    
  0.3587500000      -2.402198441    
  0.3600000000      -2.640441418    
  0.3612500000      -2.743170141    
  0.3625000000      -2.698214538    
  0.3637500000      -2.574046725    
  0.3650000000      -2.452658917    
  0.3662500000      -2.375339523    
  0.3675000000      -2.336043745    
  0.3687500000      -2.310182457    
  0.3700000000      -2.281414612    
  0.3712500000      -2.242936262    
  0.3725000000      -2.182661229    
  0.3737500000      -2.078805886    
  0.3750000000      -1.918162463    
  0.3762500000      -1.720520350    
  0.3775000000      -1.540206817    
  0.3787500000      -1.433975295    
  0.3800000000      -1.417259041    
  0.3812500000      -1.446553603    
  0.3825000000      -1.447359311    
  0.3837500000      -1.368893492    
  0.3850000000      -1.222111602    
  0.3862500000      -1.069303958    
  0.3875000000     -0.9730546040    
  0.3887500000     -0.9464396827    
  0.3900000000     -0.9457532886    
  0.3912500000     -0.9118027761    
  0.3925000000     -0.8253072529    
  0.3937500000     -0.7299587046    
  0.3950000000     -0.7030474126    
  0.3962500000     -0.7961930820    
  0.3975000000     -0.9927003731    
  0.3987500000      -1.214482653    
  0.4000000000      -1.372378361    
  0.4012500000      -1.420982986    
  0.4025000000      -1.378173174    
  0.4037500000      -1.299164111    
  0.4050000000      -1.230073776    
  0.4062500000      -1.178847717    
  0.4075000000      -1.123732461    
  0.4087500000      -1.047505444    
  0.4100000000     -0.9655885661    
  0.4112500000     -0.9229758812    
  0.4125000000     -0.9615476162    
  0.4137500000      -1.083826431    
  0.4150000000      -1.242577203    
  0.4162500000      -1.366111806    
  0.4175000000      -1.402341058    
  0.4187500000      -1.350712658    
  0.4200000000      -1.259892649    
  0.4212500000      -1.193314322    
  0.4225000000      -1.186808944    
  0.4237500000      -1.227162904    
  0.4250000000      -1.265167955    
  0.4262500000      -1.252826487    
  0.4275000000      -1.178431925    
  0.4287500000      -1.075708880    
  0.4300000000      -1.001635113    
  0.4312500000     -0.9988536312    
  0.4325000000      -1.068191896    
  0.4337500000      -1.168759101    
  0.4350000000      -1.243787147    
  0.4362500000      -1.253699391    
  0.4375000000      -1.195123592    
  0.4387500000      -1.096436585    
  0.4400000000     -0.9971025647    
  0.4412500000     -0.9270664202    
  0.4425000000     -0.8983076798    
  0.4437500000     -0.9086091814    
  0.4450000000     -0.9485760393    
  0.4462500000      -1.004022929    
  0.4475000000      -1.054406681    
  0.4487500000      -1.074601353    
  0.4500000000      -1.044825752    
  0.4512500000     -0.9640074020    
  0.4525000000     -0.8549712932    
  0.4537500000     -0.7537218675    
  0.4550000000     -0.6879968773    
  0.4562500000     -0.6610658650    
  0.4575000000     -0.6545711604    
  0.4587500000     -0.6490420553    
  0.4600000000     -0.6448041682    
  0.4612500000     -0.6639069397    
  0.4625000000     -0.7290002386    
  0.4637500000     -0.8358930027    
  0.4650000000     -0.9446057501    
  0.4662500000      -1.000427963    
  0.4675000000     -0.9714288306    
  0.4687500000     -0.8730183907    
  0.4700000000     -0.7582168872    
  0.4712500000     -0.6792506387    
  0.4725000000     -0.6501776640    
  0.4737500000     -0.6407379276    
  0.4750000000     -0.6068252870    
  0.4762500000     -0.5326674622    
  0.4775000000     -0.4492847070    
  0.4787500000     -0.4125771700    
  0.4800000000     -0.4575849141    
  0.4812500000     -0.5657495067    
  0.4825000000     -0.6723666767    
  0.4837500000     -0.7095391295    
  0.4850000000     -0.6519028198    
  0.4862500000     -0.5309236619    
  0.4875000000     -0.4091614279    
  0.4887500000     -0.3369032168    
  0.4900000000     -0.3247309972    
  0.4912500000     -0.3492069004    
  0.4925000000     -0.3804673659    
  0.4937500000     -0.4046909512    
  0.4950000000     -0.4234321713    
  0.4962500000     -0.4357556507    
  0.4975000000     -0.4254894775    
  0.4987500000     -0.3700469062    

   0.000000000       0.000000000    
  0.1250000000E-02   9.085554639    
  0.2500000000E-02  -19.80531937    
  0.3750000000E-02  -26.28085787    
  0.5000000000E-02  -16.02391302    
  0.6250000000E-02  -1.801943239    
  0.7500000000E-02   5.898474070    
  0.8750000000E-02   4.115759250    
  0.1000000000E-01  -2.719456576    
  0.1125000000E-01  -7.674059736    
  0.1250000000E-01  -6.924468932    
  0.1375000000E-01  -1.993932243    
  0.1500000000E-01   2.463135919    
  0.1625000000E-01   2.926465645    
  0.1750000000E-01 -0.3054949531    
  0.1875000000E-01  -3.909741821    
  0.2000000000E-01  -4.698434296    
  0.2125000000E-01  -2.265226257    
  0.2250000000E-01   1.001127472    
  0.2375000000E-01   2.250109043    
  0.2500000000E-01  0.6459410227    
  0.2625000000E-01  -2.113889967    
  0.2750000000E-01  -3.490377696    
  0.2875000000E-01  -2.364409833    
  0.3000000000E-01  0.1145749480    
  0.3125000000E-01   1.705074914    
  0.3250000000E-01   1.103998137    
  0.3375000000E-01 -0.9857844960    
  0.3500000000E-01  -2.606324690    
  0.3625000000E-01  -2.338314008    
  0.3750000000E-01 -0.5097677695    
  0.3875000000E-01   1.196735617    
  0.4000000000E-01   1.299382010    
  0.4125000000E-01 -0.1913443832    
  0.4250000000E-01  -1.860691451    
  0.4375000000E-01  -2.206746118    
  0.4500000000E-01 -0.9683913803    
  0.4625000000E-01  0.7024407691    
  0.4750000000E-01   1.320905411    
  0.4875000000E-01  0.3948443354    
  0.5000000000E-01  -1.181344400    
  0.5125000000E-01  -1.971938776    
  0.5250000000E-01  -1.289421227    
  0.5375000000E-01  0.2250406840    
  0.5500000000E-01   1.214742027    
  0.5625000000E-01  0.8305245215    
  0.5750000000E-01 -0.5350211675    
  0.5875000000E-01  -1.632203613    
  0.6000000000E-01  -1.482498199    
  0.6125000000E-01 -0.2343108587    
  0.6250000000E-01  0.9977743032    
  0.6375000000E-01   1.139114478    
  0.6500000000E-01  0.9972117913E-01
  0.6625000000E-01  -1.168457439    
  0.6750000000E-01  -1.528198795    
  0.6875000000E-01 -0.6561925227    
  0.7000000000E-01  0.6891978022    
  0.7125000000E-01   1.346663254    
  0.7250000000E-01  0.7673211596    
  0.7375000000E-01 -0.5170715086    
  0.7500000000E-01  -1.363529634    
  0.7625000000E-01  -1.003886708    
  0.7750000000E-01  0.3011573433    
  0.7875000000E-01   1.485996099    
  0.8000000000E-01   1.579089664    
  0.8125000000E-01  0.5205476869    
  0.8250000000E-01 -0.7707656417    
  0.8375000000E-01  -1.126053505    
  0.8500000000E-01 -0.6410898088E-01
  0.8625000000E-01   1.799315479    
  0.8750000000E-01   3.197976218    
  0.8875000000E-01   3.223936781    
  0.9000000000E-01   2.221892599    
  0.9125000000E-01   1.962497251    
  0.9250000000E-01   4.903579870    
  0.9375000000E-01   12.83821128    
  0.9500000000E-01   25.56804571    
  0.9625000000E-01   40.32021066    
  0.9750000000E-01   52.40309584    
  0.9875000000E-01   57.07284249    
  0.1000000000       51.89232690    
  0.1012500000       38.35267234    
  0.1025000000       21.62791063    
  0.1037500000       8.228317443    
  0.1050000000       2.633030861    
  0.1062500000       4.868326272    
  0.1075000000       10.68064048    
  0.1087500000       14.40365778    
  0.1100000000       12.76499669    
  0.1112500000       7.061567840    
  0.1125000000       2.107817782    
  0.1137500000       2.601291105    
  0.1150000000       9.488704211    
  0.1162500000       19.05644496    
  0.1175000000       25.56627853    
  0.1187500000       25.61896401    
  0.1200000000       21.02032150    
  0.1212500000       17.88564833    
  0.1225000000       22.43471242    
  0.1237500000       36.42030206    
  0.1250000000       55.51629982    
  0.1262500000       71.92235459    
  0.1275000000       79.41207705    
  0.1287500000       77.28639251    
  0.1300000000       70.48742072    
  0.1312500000       65.88035035    
  0.1325000000       67.39571422    
  0.1337500000       73.41821274    
  0.1350000000       78.09646979    
  0.1362500000       75.46467848    
  0.1375000000       63.43415259    
  0.1387500000       45.03782261    
  0.1400000000       26.38049270    
  0.1412500000       12.96373170    
  0.1425000000       6.887063524    
  0.1437500000       6.492435424    
  0.1450000000       8.206550752    
  0.1462500000       9.005679678    
  0.1475000000       7.881206980    
  0.1487500000       5.694118589    
  0.1500000000       3.966851659    
  0.1512500000       3.663268340    
  0.1525000000       4.693361533    
  0.1537500000       6.197110538    
  0.1550000000       7.184406241    
  0.1562500000       7.076356980    
  0.1575000000       5.940018224    
  0.1587500000       4.429425943    
  0.1600000000       3.505467947    
  0.1612500000       3.999450026    
  0.1625000000       6.146946463    
  0.1637500000       9.331548415    
  0.1650000000       12.27680456    
  0.1662500000       13.69507701    
  0.1675000000       13.05548140    
  0.1687500000       10.95552311    
  0.1700000000       8.781536987    
  0.1712500000       7.831242886    
  0.1725000000       8.487678752    
  0.1737500000       10.03094535    
  0.1750000000       11.22071303    
  0.1762500000       11.21284957    
  0.1775000000       10.13095761    
  0.1787500000       8.890206859    
  0.1800000000       8.447773911    
  0.1812500000       9.077636552    
  0.1825000000       10.21497575    
  0.1837500000       10.94943929    
  0.1850000000       10.75026236    
  0.1862500000       9.864683510    
  0.1875000000       9.126133953    
  0.1887500000       9.374609972    
  0.1900000000       10.95180343    
  0.1912500000       13.60863866    
  0.1925000000       16.79623126    
  0.1937500000       20.02375638    
  0.1950000000       22.98028241    
  0.1962500000       25.38428889    
  0.1975000000       26.79127255    
  0.1987500000       26.62604511    
  0.2000000000       24.49362642    
  0.2012500000       20.55387765    
  0.2025000000       15.65019636    
  0.2037500000       11.03868988    
  0.2050000000       7.844415586    
  0.2062500000       6.560602078    
  0.2075000000       6.874983283    
  0.2087500000       7.896473734    
  0.2100000000       8.625564375    
  0.2112500000       8.408575333    
  0.2125000000       7.172922385    
  0.2137500000       5.384029548    
  0.2150000000       3.792887027    
  0.2162500000       3.102500824    
  0.2175000000       3.679439445    
  0.2187500000       5.404924017    
  0.2200000000       7.714537939    
  0.2212500000       9.814885732    
  0.2225000000       10.99554327    
  0.2237500000       10.90542374    
  0.2250000000       9.670794995    
  0.2262500000       7.805542661    
  0.2275000000       5.966024925    
  0.2287500000       4.673826493    
  0.2300000000       4.131387113    
  0.2312500000       4.195878905    
  0.2325000000       4.498280651    
  0.2337500000       4.638814745    
  0.2350000000       4.372037386    
  0.2362500000       3.707495168    
  0.2375000000       2.884768050    
  0.2387500000       2.231330524    
  0.2400000000       1.969761169    
  0.2412500000       2.080598515    
  0.2425000000       2.312279275    
  0.2437500000       2.348125063    
  0.2450000000       2.032143620    
  0.2462500000       1.497820767    
  0.2475000000       1.094494062    
  0.2487500000       1.145272520    
  0.2500000000       1.702273416    
  0.2512500000       2.482960618    
  0.2525000000       3.047872581    
  0.2537500000       3.099459582    
  0.2550000000       2.683042267    
  0.2562500000       2.137844760    
  0.2575000000       1.834250152    
  0.2587500000       1.898593484    
  0.2600000000       2.137326300    
  0.2612500000       2.216634373    
  0.2625000000       1.952749474    
  0.2637500000       1.481018395    
  0.2650000000       1.167337185    
  0.2662500000       1.327717766    
  0.2675000000       1.970953571    
  0.2687500000       2.760542342    
  0.2700000000       3.224427736    
  0.2712500000       3.058413355    
  0.2725000000       2.309785015    
  0.2737500000       1.327335596    
  0.2750000000      0.5352393950    
  0.2762500000      0.1984744101    
  0.2775000000      0.3250852077    
  0.2787500000      0.7323974670    
  0.2800000000       1.192775414    
  0.2812500000       1.548670717    
  0.2825000000       1.744594159    
  0.2837500000       1.798955983    
  0.2850000000       1.767459495    
  0.2862500000       1.723398192    
  0.2875000000       1.741723133    
  0.2887500000       1.867797247    
  0.2900000000       2.080718827    
  0.2912500000       2.287245538    
  0.2925000000       2.370069895    
  0.2937500000       2.268485963    
  0.2950000000       2.032790203    
  0.2962500000       1.804782403    
  0.2975000000       1.731557870    
  0.2987500000       1.873054510    
  0.3000000000       2.169362290    
  0.3012500000       2.486693371    
  0.3025000000       2.701808392    
  0.3037500000       2.762758865    
  0.3050000000       2.693003615    
  0.3062500000       2.554996306    
  0.3075000000       2.413301159    
  0.3087500000       2.319921372    
  0.3100000000       2.310981055    
  0.3112500000       2.392813161    
  0.3125000000       2.518567167    
  0.3137500000       2.585892291    
  0.3150000000       2.483394260    
  0.3162500000       2.170979525    
  0.3175000000       1.733938413    
  0.3187500000       1.352130845    
  0.3200000000       1.186102483    
  0.3212500000       1.256795823    
  0.3225000000       1.417134970    
  0.3237500000       1.452418930    
  0.3250000000       1.243644557    
  0.3262500000      0.8679090787    
  0.3275000000      0.5495585606    
  0.3287500000      0.4909496901    
  0.3300000000      0.7118660506    
  0.3312500000       1.027059797    
  0.3325000000       1.185904303    
  0.3337500000       1.068590309    
  0.3350000000      0.7848211801    
  0.3362500000      0.5952559617    
  0.3375000000      0.7151198220    
  0.3387500000       1.151960614    
  0.3400000000       1.701310358    
  0.3412500000       2.098719217    
  0.3425000000       2.205830180    
  0.3437500000       2.087708172    
  0.3450000000       1.931187096    
  0.3462500000       1.881173719    
  0.3475000000       1.930736178    
  0.3487500000       1.948091180    
  0.3500000000       1.807857032    
  0.3512500000       1.511769890    
  0.3525000000       1.199420781    
  0.3537500000       1.043956799    
  0.3550000000       1.120217309    
  0.3562500000       1.349626297    
  0.3575000000       1.559589612    
  0.3587500000       1.604623769    
  0.3600000000       1.455261179    
  0.3612500000       1.195968235    
  0.3625000000      0.9485397417    
  0.3637500000      0.7889752327    
  0.3650000000      0.7170884313    
  0.3662500000      0.6857870855    
  0.3675000000      0.6504003069    
  0.3687500000      0.5942282109    
  0.3700000000      0.5196510996    
  0.3712500000      0.4283667876    
  0.3725000000      0.3182531068    
  0.3737500000      0.1991561695    
  0.3750000000      0.1045764402    
  0.3762500000      0.7759893090E-01
  0.3775000000      0.1363082936    
  0.3787500000      0.2491234276    
  0.3800000000      0.3475005070    
  0.3812500000      0.3723779990    
  0.3825000000      0.3189787406    
  0.3837500000      0.2419589869    
  0.3850000000      0.2139992295    
  0.3862500000      0.2700252586    
  0.3875000000      0.3824303115    
  0.3887500000      0.4876879948    
  0.3900000000      0.5420867664    
  0.3912500000      0.5598651169    
  0.3925000000      0.6014528472    
  0.3937500000      0.7208169197    
  0.3950000000      0.9147504160    
  0.3962500000       1.115615036    
  0.3975000000       1.234198853    
  0.3987500000       1.219840344    
  0.4000000000       1.092471454    
  0.4012500000      0.9245389415    
  0.4025000000      0.7898018011    
  0.4037500000      0.7193847253    
  0.4050000000      0.6960678960    
  0.4062500000      0.6853550108    
  0.4075000000      0.6734608382    
  0.4087500000      0.6798901902    
  0.4100000000      0.7357013665    
  0.4112500000      0.8475746663    
  0.4125000000      0.9792037129    
  0.4137500000       1.067287126    
  0.4150000000       1.061783821    
  0.4162500000      0.9608804651    
  0.4175000000      0.8145602850    
  0.4187500000      0.6934317805    
  0.4200000000      0.6442833880    
  0.4212500000      0.6628106041    
  0.4225000000      0.7013901221    
  0.4237500000      0.7052788860    
  0.4250000000      0.6515567458    
  0.4262500000      0.5642821864    
  0.4275000000      0.4964865386    
  0.4287500000      0.4924292982    
  0.4300000000      0.5563436751    
  0.4312500000      0.6484835200    
  0.4325000000      0.7100930402    
  0.4337500000      0.6996164049    
  0.4350000000      0.6161940830    
  0.4362500000      0.4967585614    
  0.4375000000      0.3915954999    
  0.4387500000      0.3364945619    
  0.4400000000      0.3388183854    
  0.4412500000      0.3822493312    
  0.4425000000      0.4414809991    
  0.4437500000      0.4940409658    
  0.4450000000      0.5233361151    
  0.4462500000      0.5171009109    
  0.4475000000      0.4689445761    
  0.4487500000      0.3848284525    
  0.4500000000      0.2876442762    
  0.4512500000      0.2112447262    
  0.4525000000      0.1835236161    
  0.4537500000      0.2094917222    
  0.4550000000      0.2684934675    
  0.4562500000      0.3298951159    
  0.4575000000      0.3759059123    
  0.4587500000      0.4125484748    
  0.4600000000      0.4584313731    
  0.4612500000      0.5200599924    
  0.4625000000      0.5757619250    
  0.4637500000      0.5850892731    
  0.4650000000      0.5194236651    
  0.4662500000      0.3897199995    
  0.4675000000      0.2466727681    
  0.4687500000      0.1495446932    
  0.4700000000      0.1261104730    
  0.4712500000      0.1553719115    
  0.4725000000      0.1877565978    
  0.4737500000      0.1872184123    
  0.4750000000      0.1609844880    
  0.4762500000      0.1519545065    
  0.4775000000      0.1992630546    
  0.4787500000      0.2993696266    
  0.4800000000      0.4006697460    
  0.4812500000      0.4379025060    
  0.4825000000      0.3802535424    
  0.4837500000      0.2556187440    
  0.4850000000      0.1323222698    
  0.4862500000      0.7300411351E-01
  0.4875000000      0.9604720333E-01
  0.4887500000      0.1716770573    
  0.4900000000      0.2509121348    
  0.4912500000      0.3006677157    
  0.4925000000      0.3175093934    
  0.4937500000      0.3144052634    
  0.4950000000      0.2988146702    
  0.4962500000      0.2655387173    
  0.4975000000      0.2107236219    
  0.4987500000      0.1509718547    
